<?xml version="1.0" encoding="UTF-8"?>
<testsuite xmlns:xsi="http://www.w3.org/2001/XMLSchema-instance" xsi:noNamespaceSchemaLocation="https://maven.apache.org/surefire/maven-surefire-plugin/xsd/surefire-test-report.xsd" name="org.apache.beam.examples.MinimalWordComparatorTest" time="3.668" tests="1" errors="0" skipped="0" failures="0">
  <properties>
    <property name="gopherProxySet" value="false"/>
    <property name="awt.toolkit" value="sun.lwawt.macosx.LWCToolkit"/>
    <property name="file.encoding.pkg" value="sun.io"/>
    <property name="java.specification.version" value="1.8"/>
    <property name="sun.cpu.isalist" value=""/>
    <property name="sun.jnu.encoding" value="UTF-8"/>
    <property name="java.class.path" value="/Users/HusseinATejan/Desktop/Comptool/comparison-beam/target/test-classes:/Users/HusseinATejan/Desktop/Comptool/comparison-beam/target/classes:/Users/HusseinATejan/.m2/repository/org/apache/beam/beam-sdks-java-core/2.11.0/beam-sdks-java-core-2.11.0.jar:/Users/HusseinATejan/.m2/repository/org/apache/beam/beam-model-pipeline/2.11.0/beam-model-pipeline-2.11.0.jar:/Users/HusseinATejan/.m2/repository/com/google/errorprone/error_prone_annotations/2.1.2/error_prone_annotations-2.1.2.jar:/Users/HusseinATejan/.m2/repository/org/apache/beam/beam-model-job-management/2.11.0/beam-model-job-management-2.11.0.jar:/Users/HusseinATejan/.m2/repository/org/apache/beam/beam-vendor-guava-20_0/0.1/beam-vendor-guava-20_0-0.1.jar:/Users/HusseinATejan/.m2/repository/com/fasterxml/jackson/core/jackson-core/2.9.8/jackson-core-2.9.8.jar:/Users/HusseinATejan/.m2/repository/com/fasterxml/jackson/core/jackson-annotations/2.9.8/jackson-annotations-2.9.8.jar:/Users/HusseinATejan/.m2/repository/com/fasterxml/jackson/core/jackson-databind/2.9.8/jackson-databind-2.9.8.jar:/Users/HusseinATejan/.m2/repository/org/apache/avro/avro/1.8.2/avro-1.8.2.jar:/Users/HusseinATejan/.m2/repository/org/codehaus/jackson/jackson-core-asl/1.9.13/jackson-core-asl-1.9.13.jar:/Users/HusseinATejan/.m2/repository/org/codehaus/jackson/jackson-mapper-asl/1.9.13/jackson-mapper-asl-1.9.13.jar:/Users/HusseinATejan/.m2/repository/com/thoughtworks/paranamer/paranamer/2.7/paranamer-2.7.jar:/Users/HusseinATejan/.m2/repository/org/apache/commons/commons-compress/1.8.1/commons-compress-1.8.1.jar:/Users/HusseinATejan/.m2/repository/org/xerial/snappy/snappy-java/1.1.4/snappy-java-1.1.4.jar:/Users/HusseinATejan/.m2/repository/com/github/luben/zstd-jni/1.3.8-3/zstd-jni-1.3.8-3.jar:/Users/HusseinATejan/.m2/repository/org/tukaani/xz/1.8/xz-1.8.jar:/Users/HusseinATejan/.m2/repository/org/apache/beam/beam-sdks-java-io-google-cloud-platform/2.11.0/beam-sdks-java-io-google-cloud-platform-2.11.0.jar:/Users/HusseinATejan/.m2/repository/org/apache/beam/beam-sdks-java-extensions-google-cloud-platform-core/2.11.0/beam-sdks-java-extensions-google-cloud-platform-core-2.11.0.jar:/Users/HusseinATejan/.m2/repository/com/google/cloud/bigdataoss/gcsio/1.9.16/gcsio-1.9.16.jar:/Users/HusseinATejan/.m2/repository/com/google/apis/google-api-services-cloudresourcemanager/v1-rev20181015-1.27.0/google-api-services-cloudresourcemanager-v1-rev20181015-1.27.0.jar:/Users/HusseinATejan/.m2/repository/com/google/apis/google-api-services-storage/v1-rev20181013-1.27.0/google-api-services-storage-v1-rev20181013-1.27.0.jar:/Users/HusseinATejan/.m2/repository/org/apache/beam/beam-sdks-java-extensions-protobuf/2.11.0/beam-sdks-java-extensions-protobuf-2.11.0.jar:/Users/HusseinATejan/.m2/repository/io/grpc/grpc-core/1.17.1/grpc-core-1.17.1.jar:/Users/HusseinATejan/.m2/repository/io/grpc/grpc-context/1.17.1/grpc-context-1.17.1.jar:/Users/HusseinATejan/.m2/repository/com/google/code/gson/gson/2.7/gson-2.7.jar:/Users/HusseinATejan/.m2/repository/org/codehaus/mojo/animal-sniffer-annotations/1.17/animal-sniffer-annotations-1.17.jar:/Users/HusseinATejan/.m2/repository/io/opencensus/opencensus-api/0.17.0/opencensus-api-0.17.0.jar:/Users/HusseinATejan/.m2/repository/io/opencensus/opencensus-contrib-grpc-metrics/0.17.0/opencensus-contrib-grpc-metrics-0.17.0.jar:/Users/HusseinATejan/.m2/repository/com/google/api/gax-grpc/1.38.0/gax-grpc-1.38.0.jar:/Users/HusseinATejan/.m2/repository/com/google/api/gax/1.38.0/gax-1.38.0.jar:/Users/HusseinATejan/.m2/repository/io/grpc/grpc-protobuf/1.17.1/grpc-protobuf-1.17.1.jar:/Users/HusseinATejan/.m2/repository/io/grpc/grpc-protobuf-lite/1.17.1/grpc-protobuf-lite-1.17.1.jar:/Users/HusseinATejan/.m2/repository/org/threeten/threetenbp/1.3.3/threetenbp-1.3.3.jar:/Users/HusseinATejan/.m2/repository/com/google/api/api-common/1.7.0/api-common-1.7.0.jar:/Users/HusseinATejan/.m2/repository/io/grpc/grpc-netty-shaded/1.17.1/grpc-netty-shaded-1.17.1.jar:/Users/HusseinATejan/.m2/repository/io/grpc/grpc-alts/1.17.1/grpc-alts-1.17.1.jar:/Users/HusseinATejan/.m2/repository/io/grpc/grpc-grpclb/1.17.1/grpc-grpclb-1.17.1.jar:/Users/HusseinATejan/.m2/repository/com/google/cloud/google-cloud-core-grpc/1.61.0/google-cloud-core-grpc-1.61.0.jar:/Users/HusseinATejan/.m2/repository/com/google/protobuf/protobuf-java-util/3.6.1/protobuf-java-util-3.6.1.jar:/Users/HusseinATejan/.m2/repository/javax/annotation/javax.annotation-api/1.2/javax.annotation-api-1.2.jar:/Users/HusseinATejan/.m2/repository/com/google/api/grpc/grpc-google-cloud-pubsub-v1/1.43.0/grpc-google-cloud-pubsub-v1-1.43.0.jar:/Users/HusseinATejan/.m2/repository/com/google/api/grpc/proto-google-cloud-pubsub-v1/1.43.0/proto-google-cloud-pubsub-v1-1.43.0.jar:/Users/HusseinATejan/.m2/repository/com/google/api/grpc/proto-google-iam-v1/0.12.0/proto-google-iam-v1-0.12.0.jar:/Users/HusseinATejan/.m2/repository/com/google/cloud/bigdataoss/util/1.9.16/util-1.9.16.jar:/Users/HusseinATejan/.m2/repository/com/google/api-client/google-api-client-java6/1.27.0/google-api-client-java6-1.27.0.jar:/Users/HusseinATejan/.m2/repository/com/google/api-client/google-api-client-jackson2/1.27.0/google-api-client-jackson2-1.27.0.jar:/Users/HusseinATejan/.m2/repository/com/google/auto/value/auto-value-annotations/1.6.3/auto-value-annotations-1.6.3.jar:/Users/HusseinATejan/.m2/repository/com/google/oauth-client/google-oauth-client-java6/1.27.0/google-oauth-client-java6-1.27.0.jar:/Users/HusseinATejan/.m2/repository/com/google/flogger/google-extensions/0.3.1/google-extensions-0.3.1.jar:/Users/HusseinATejan/.m2/repository/com/google/flogger/flogger/0.3.1/flogger-0.3.1.jar:/Users/HusseinATejan/.m2/repository/com/google/flogger/flogger-system-backend/0.3.1/flogger-system-backend-0.3.1.jar:/Users/HusseinATejan/.m2/repository/com/google/cloud/datastore/datastore-v1-proto-client/1.6.0/datastore-v1-proto-client-1.6.0.jar:/Users/HusseinATejan/.m2/repository/com/google/http-client/google-http-client-protobuf/1.20.0/google-http-client-protobuf-1.20.0.jar:/Users/HusseinATejan/.m2/repository/com/google/http-client/google-http-client-jackson/1.20.0/google-http-client-jackson-1.20.0.jar:/Users/HusseinATejan/.m2/repository/com/google/api/grpc/proto-google-cloud-datastore-v1/0.44.0/proto-google-cloud-datastore-v1-0.44.0.jar:/Users/HusseinATejan/.m2/repository/io/grpc/grpc-auth/1.17.1/grpc-auth-1.17.1.jar:/Users/HusseinATejan/.m2/repository/io/grpc/grpc-netty/1.17.1/grpc-netty-1.17.1.jar:/Users/HusseinATejan/.m2/repository/io/netty/netty-codec-http2/4.1.30.Final/netty-codec-http2-4.1.30.Final.jar:/Users/HusseinATejan/.m2/repository/io/netty/netty-codec-http/4.1.30.Final/netty-codec-http-4.1.30.Final.jar:/Users/HusseinATejan/.m2/repository/io/netty/netty-handler-proxy/4.1.30.Final/netty-handler-proxy-4.1.30.Final.jar:/Users/HusseinATejan/.m2/repository/io/netty/netty-codec-socks/4.1.30.Final/netty-codec-socks-4.1.30.Final.jar:/Users/HusseinATejan/.m2/repository/io/netty/netty-handler/4.1.30.Final/netty-handler-4.1.30.Final.jar:/Users/HusseinATejan/.m2/repository/io/netty/netty-buffer/4.1.30.Final/netty-buffer-4.1.30.Final.jar:/Users/HusseinATejan/.m2/repository/io/netty/netty-common/4.1.30.Final/netty-common-4.1.30.Final.jar:/Users/HusseinATejan/.m2/repository/io/netty/netty-transport/4.1.30.Final/netty-transport-4.1.30.Final.jar:/Users/HusseinATejan/.m2/repository/io/netty/netty-resolver/4.1.30.Final/netty-resolver-4.1.30.Final.jar:/Users/HusseinATejan/.m2/repository/io/netty/netty-codec/4.1.30.Final/netty-codec-4.1.30.Final.jar:/Users/HusseinATejan/.m2/repository/io/grpc/grpc-stub/1.17.1/grpc-stub-1.17.1.jar:/Users/HusseinATejan/.m2/repository/com/google/cloud/google-cloud-bigquerystorage/0.79.0-alpha/google-cloud-bigquerystorage-0.79.0-alpha.jar:/Users/HusseinATejan/.m2/repository/com/google/api/grpc/grpc-google-cloud-bigquerystorage-v1beta1/0.44.0/grpc-google-cloud-bigquerystorage-v1beta1-0.44.0.jar:/Users/HusseinATejan/.m2/repository/com/google/api/grpc/proto-google-cloud-bigquerystorage-v1beta1/0.44.0/proto-google-cloud-bigquerystorage-v1beta1-0.44.0.jar:/Users/HusseinATejan/.m2/repository/com/google/cloud/google-cloud-core/1.61.0/google-cloud-core-1.61.0.jar:/Users/HusseinATejan/.m2/repository/com/google/cloud/google-cloud-spanner/1.6.0/google-cloud-spanner-1.6.0.jar:/Users/HusseinATejan/.m2/repository/com/google/api/grpc/proto-google-cloud-spanner-v1/1.6.0/proto-google-cloud-spanner-v1-1.6.0.jar:/Users/HusseinATejan/.m2/repository/com/google/api/grpc/proto-google-cloud-spanner-admin-instance-v1/1.6.0/proto-google-cloud-spanner-admin-instance-v1-1.6.0.jar:/Users/HusseinATejan/.m2/repository/com/google/api/grpc/grpc-google-cloud-spanner-v1/1.6.0/grpc-google-cloud-spanner-v1-1.6.0.jar:/Users/HusseinATejan/.m2/repository/com/google/api/grpc/grpc-google-cloud-spanner-admin-database-v1/1.6.0/grpc-google-cloud-spanner-admin-database-v1-1.6.0.jar:/Users/HusseinATejan/.m2/repository/com/google/api/grpc/grpc-google-cloud-spanner-admin-instance-v1/1.6.0/grpc-google-cloud-spanner-admin-instance-v1-1.6.0.jar:/Users/HusseinATejan/.m2/repository/com/google/api/grpc/grpc-google-common-protos/1.12.0/grpc-google-common-protos-1.12.0.jar:/Users/HusseinATejan/.m2/repository/io/opencensus/opencensus-contrib-grpc-util/0.17.0/opencensus-contrib-grpc-util-0.17.0.jar:/Users/HusseinATejan/.m2/repository/com/google/api/grpc/grpc-google-cloud-bigtable-v2/0.44.0/grpc-google-cloud-bigtable-v2-0.44.0.jar:/Users/HusseinATejan/.m2/repository/com/google/api/grpc/proto-google-cloud-bigtable-v2/0.44.0/proto-google-cloud-bigtable-v2-0.44.0.jar:/Users/HusseinATejan/.m2/repository/com/google/cloud/bigtable/bigtable-client-core/1.8.0/bigtable-client-core-1.8.0.jar:/Users/HusseinATejan/.m2/repository/com/google/cloud/google-cloud-bigtable/0.73.0-alpha/google-cloud-bigtable-0.73.0-alpha.jar:/Users/HusseinATejan/.m2/repository/com/google/cloud/google-cloud-bigtable-admin/0.73.0-alpha/google-cloud-bigtable-admin-0.73.0-alpha.jar:/Users/HusseinATejan/.m2/repository/com/google/api/grpc/proto-google-cloud-bigtable-admin-v2/0.38.0/proto-google-cloud-bigtable-admin-v2-0.38.0.jar:/Users/HusseinATejan/.m2/repository/com/google/api/grpc/grpc-google-cloud-bigtable-admin-v2/0.38.0/grpc-google-cloud-bigtable-admin-v2-0.38.0.jar:/Users/HusseinATejan/.m2/repository/commons-logging/commons-logging/1.2/commons-logging-1.2.jar:/Users/HusseinATejan/.m2/repository/com/google/cloud/google-cloud-core-http/1.55.0/google-cloud-core-http-1.55.0.jar:/Users/HusseinATejan/.m2/repository/com/google/http-client/google-http-client-appengine/1.27.0/google-http-client-appengine-1.27.0.jar:/Users/HusseinATejan/.m2/repository/com/google/api/gax-httpjson/0.52.0/gax-httpjson-0.52.0.jar:/Users/HusseinATejan/.m2/repository/io/opencensus/opencensus-contrib-http-util/0.15.0/opencensus-contrib-http-util-0.15.0.jar:/Users/HusseinATejan/.m2/repository/io/dropwizard/metrics/metrics-core/3.1.2/metrics-core-3.1.2.jar:/Users/HusseinATejan/.m2/repository/com/google/http-client/google-http-client-jackson2/1.27.0/google-http-client-jackson2-1.27.0.jar:/Users/HusseinATejan/.m2/repository/com/google/auth/google-auth-library-credentials/0.12.0/google-auth-library-credentials-0.12.0.jar:/Users/HusseinATejan/.m2/repository/com/google/auth/google-auth-library-oauth2-http/0.12.0/google-auth-library-oauth2-http-0.12.0.jar:/Users/HusseinATejan/.m2/repository/com/google/protobuf/protobuf-java/3.6.0/protobuf-java-3.6.0.jar:/Users/HusseinATejan/.m2/repository/com/google/api/grpc/proto-google-cloud-spanner-admin-database-v1/1.6.0/proto-google-cloud-spanner-admin-database-v1-1.6.0.jar:/Users/HusseinATejan/.m2/repository/com/google/api/grpc/proto-google-common-protos/1.12.0/proto-google-common-protos-1.12.0.jar:/Users/HusseinATejan/.m2/repository/io/grpc/grpc-all/1.17.1/grpc-all-1.17.1.jar:/Users/HusseinATejan/.m2/repository/io/grpc/grpc-okhttp/1.17.1/grpc-okhttp-1.17.1.jar:/Users/HusseinATejan/.m2/repository/com/squareup/okhttp/okhttp/2.5.0/okhttp-2.5.0.jar:/Users/HusseinATejan/.m2/repository/com/squareup/okio/okio/1.13.0/okio-1.13.0.jar:/Users/HusseinATejan/.m2/repository/io/grpc/grpc-protobuf-nano/1.17.1/grpc-protobuf-nano-1.17.1.jar:/Users/HusseinATejan/.m2/repository/com/google/protobuf/nano/protobuf-javanano/3.0.0-alpha-5/protobuf-javanano-3.0.0-alpha-5.jar:/Users/HusseinATejan/.m2/repository/io/grpc/grpc-testing/1.17.1/grpc-testing-1.17.1.jar:/Users/HusseinATejan/.m2/repository/io/netty/netty-tcnative-boringssl-static/2.0.17.Final/netty-tcnative-boringssl-static-2.0.17.Final.jar:/Users/HusseinATejan/.m2/repository/com/google/api-client/google-api-client/1.27.0/google-api-client-1.27.0.jar:/Users/HusseinATejan/.m2/repository/com/google/oauth-client/google-oauth-client/1.27.0/google-oauth-client-1.27.0.jar:/Users/HusseinATejan/.m2/repository/com/google/apis/google-api-services-bigquery/v2-rev20181104-1.27.0/google-api-services-bigquery-v2-rev20181104-1.27.0.jar:/Users/HusseinATejan/.m2/repository/com/google/http-client/google-http-client/1.27.0/google-http-client-1.27.0.jar:/Users/HusseinATejan/.m2/repository/com/google/code/findbugs/jsr305/3.0.2/jsr305-3.0.2.jar:/Users/HusseinATejan/.m2/repository/org/apache/httpcomponents/httpclient/4.5.5/httpclient-4.5.5.jar:/Users/HusseinATejan/.m2/repository/org/apache/httpcomponents/httpcore/4.4.9/httpcore-4.4.9.jar:/Users/HusseinATejan/.m2/repository/commons-codec/commons-codec/1.10/commons-codec-1.10.jar:/Users/HusseinATejan/.m2/repository/com/google/j2objc/j2objc-annotations/1.1/j2objc-annotations-1.1.jar:/Users/HusseinATejan/.m2/repository/com/google/apis/google-api-services-pubsub/v1-rev20181105-1.27.0/google-api-services-pubsub-v1-rev20181105-1.27.0.jar:/Users/HusseinATejan/.m2/repository/joda-time/joda-time/2.4/joda-time-2.4.jar:/Users/HusseinATejan/.m2/repository/com/google/guava/guava/20.0/guava-20.0.jar:/Users/HusseinATejan/.m2/repository/org/slf4j/slf4j-api/1.7.25/slf4j-api-1.7.25.jar:/Users/HusseinATejan/.m2/repository/org/slf4j/slf4j-jdk14/1.7.25/slf4j-jdk14-1.7.25.jar:/Users/HusseinATejan/.m2/repository/org/hamcrest/hamcrest-core/1.3/hamcrest-core-1.3.jar:/Users/HusseinATejan/.m2/repository/org/hamcrest/hamcrest-library/1.3/hamcrest-library-1.3.jar:/Users/HusseinATejan/.m2/repository/junit/junit/4.13-beta-1/junit-4.13-beta-1.jar:/Users/HusseinATejan/.m2/repository/org/apache/beam/beam-runners-direct-java/2.11.0/beam-runners-direct-java-2.11.0.jar:/Users/HusseinATejan/.m2/repository/org/apache/beam/beam-vendor-grpc-1_13_1/0.2/beam-vendor-grpc-1_13_1-0.2.jar:/Users/HusseinATejan/.m2/repository/args4j/args4j/2.33/args4j-2.33.jar:/Users/HusseinATejan/.m2/repository/org/mockito/mockito-core/1.10.19/mockito-core-1.10.19.jar:/Users/HusseinATejan/.m2/repository/org/objenesis/objenesis/2.1/objenesis-2.1.jar:/Users/HusseinATejan/.m2/repository/com/opencsv/opencsv/3.8/opencsv-3.8.jar:/Users/HusseinATejan/.m2/repository/org/apache/commons/commons-lang3/3.4/commons-lang3-3.4.jar:/Users/HusseinATejan/.m2/repository/commons-beanutils/commons-beanutils/1.9.2/commons-beanutils-1.9.2.jar:/Users/HusseinATejan/.m2/repository/commons-collections/commons-collections/3.2.1/commons-collections-3.2.1.jar:/Users/HusseinATejan/.m2/repository/org/apache/beam/beam-runners-reference-java/2.11.0/beam-runners-reference-java-2.11.0.jar:/Users/HusseinATejan/.m2/repository/org/apache/beam/beam-runners-core-construction-java/2.11.0/beam-runners-core-construction-java-2.11.0.jar:/Users/HusseinATejan/.m2/repository/org/apache/beam/beam-runners-java-fn-execution/2.11.0/beam-runners-java-fn-execution-2.11.0.jar:/Users/HusseinATejan/.m2/repository/org/apache/beam/beam-model-fn-execution/2.11.0/beam-model-fn-execution-2.11.0.jar:/Users/HusseinATejan/.m2/repository/org/apache/beam/beam-vendor-sdks-java-extensions-protobuf/2.11.0/beam-vendor-sdks-java-extensions-protobuf-2.11.0.jar:/Users/HusseinATejan/.m2/repository/org/apache/beam/beam-sdks-java-fn-execution/2.11.0/beam-sdks-java-fn-execution-2.11.0.jar:/Users/HusseinATejan/.m2/repository/org/apache/beam/beam-sdks-java-harness/2.11.0/beam-sdks-java-harness-2.11.0.jar:"/>
    <property name="java.vm.vendor" value="Oracle Corporation"/>
    <property name="sun.arch.data.model" value="64"/>
    <property name="java.vendor.url" value="http://java.oracle.com/"/>
    <property name="user.timezone" value="Europe/London"/>
    <property name="java.vm.specification.version" value="1.8"/>
    <property name="os.name" value="Mac OS X"/>
    <property name="user.country" value="GB"/>
    <property name="sun.java.launcher" value="SUN_STANDARD"/>
    <property name="sun.boot.library.path" value="/Library/Java/JavaVirtualMachines/jdk1.8.0_192.jdk/Contents/Home/jre/lib"/>
    <property name="sun.java.command" value="/Users/HusseinATejan/Desktop/Comptool/comparison-beam/target/surefire/surefirebooter1603290796823556445.jar /Users/HusseinATejan/Desktop/Comptool/comparison-beam/target/surefire 2019-04-15T06-11-32_787-jvmRun1 surefire7292108313252804172tmp surefire_06170501116341244729tmp"/>
    <property name="http.nonProxyHosts" value="local|*.local|169.254/16|*.169.254/16"/>
    <property name="surefire.test.class.path" value="/Users/HusseinATejan/Desktop/Comptool/comparison-beam/target/test-classes:/Users/HusseinATejan/Desktop/Comptool/comparison-beam/target/classes:/Users/HusseinATejan/.m2/repository/org/apache/beam/beam-sdks-java-core/2.11.0/beam-sdks-java-core-2.11.0.jar:/Users/HusseinATejan/.m2/repository/org/apache/beam/beam-model-pipeline/2.11.0/beam-model-pipeline-2.11.0.jar:/Users/HusseinATejan/.m2/repository/com/google/errorprone/error_prone_annotations/2.1.2/error_prone_annotations-2.1.2.jar:/Users/HusseinATejan/.m2/repository/org/apache/beam/beam-model-job-management/2.11.0/beam-model-job-management-2.11.0.jar:/Users/HusseinATejan/.m2/repository/org/apache/beam/beam-vendor-guava-20_0/0.1/beam-vendor-guava-20_0-0.1.jar:/Users/HusseinATejan/.m2/repository/com/fasterxml/jackson/core/jackson-core/2.9.8/jackson-core-2.9.8.jar:/Users/HusseinATejan/.m2/repository/com/fasterxml/jackson/core/jackson-annotations/2.9.8/jackson-annotations-2.9.8.jar:/Users/HusseinATejan/.m2/repository/com/fasterxml/jackson/core/jackson-databind/2.9.8/jackson-databind-2.9.8.jar:/Users/HusseinATejan/.m2/repository/org/apache/avro/avro/1.8.2/avro-1.8.2.jar:/Users/HusseinATejan/.m2/repository/org/codehaus/jackson/jackson-core-asl/1.9.13/jackson-core-asl-1.9.13.jar:/Users/HusseinATejan/.m2/repository/org/codehaus/jackson/jackson-mapper-asl/1.9.13/jackson-mapper-asl-1.9.13.jar:/Users/HusseinATejan/.m2/repository/com/thoughtworks/paranamer/paranamer/2.7/paranamer-2.7.jar:/Users/HusseinATejan/.m2/repository/org/apache/commons/commons-compress/1.8.1/commons-compress-1.8.1.jar:/Users/HusseinATejan/.m2/repository/org/xerial/snappy/snappy-java/1.1.4/snappy-java-1.1.4.jar:/Users/HusseinATejan/.m2/repository/com/github/luben/zstd-jni/1.3.8-3/zstd-jni-1.3.8-3.jar:/Users/HusseinATejan/.m2/repository/org/tukaani/xz/1.8/xz-1.8.jar:/Users/HusseinATejan/.m2/repository/org/apache/beam/beam-sdks-java-io-google-cloud-platform/2.11.0/beam-sdks-java-io-google-cloud-platform-2.11.0.jar:/Users/HusseinATejan/.m2/repository/org/apache/beam/beam-sdks-java-extensions-google-cloud-platform-core/2.11.0/beam-sdks-java-extensions-google-cloud-platform-core-2.11.0.jar:/Users/HusseinATejan/.m2/repository/com/google/cloud/bigdataoss/gcsio/1.9.16/gcsio-1.9.16.jar:/Users/HusseinATejan/.m2/repository/com/google/apis/google-api-services-cloudresourcemanager/v1-rev20181015-1.27.0/google-api-services-cloudresourcemanager-v1-rev20181015-1.27.0.jar:/Users/HusseinATejan/.m2/repository/com/google/apis/google-api-services-storage/v1-rev20181013-1.27.0/google-api-services-storage-v1-rev20181013-1.27.0.jar:/Users/HusseinATejan/.m2/repository/org/apache/beam/beam-sdks-java-extensions-protobuf/2.11.0/beam-sdks-java-extensions-protobuf-2.11.0.jar:/Users/HusseinATejan/.m2/repository/io/grpc/grpc-core/1.17.1/grpc-core-1.17.1.jar:/Users/HusseinATejan/.m2/repository/io/grpc/grpc-context/1.17.1/grpc-context-1.17.1.jar:/Users/HusseinATejan/.m2/repository/com/google/code/gson/gson/2.7/gson-2.7.jar:/Users/HusseinATejan/.m2/repository/org/codehaus/mojo/animal-sniffer-annotations/1.17/animal-sniffer-annotations-1.17.jar:/Users/HusseinATejan/.m2/repository/io/opencensus/opencensus-api/0.17.0/opencensus-api-0.17.0.jar:/Users/HusseinATejan/.m2/repository/io/opencensus/opencensus-contrib-grpc-metrics/0.17.0/opencensus-contrib-grpc-metrics-0.17.0.jar:/Users/HusseinATejan/.m2/repository/com/google/api/gax-grpc/1.38.0/gax-grpc-1.38.0.jar:/Users/HusseinATejan/.m2/repository/com/google/api/gax/1.38.0/gax-1.38.0.jar:/Users/HusseinATejan/.m2/repository/io/grpc/grpc-protobuf/1.17.1/grpc-protobuf-1.17.1.jar:/Users/HusseinATejan/.m2/repository/io/grpc/grpc-protobuf-lite/1.17.1/grpc-protobuf-lite-1.17.1.jar:/Users/HusseinATejan/.m2/repository/org/threeten/threetenbp/1.3.3/threetenbp-1.3.3.jar:/Users/HusseinATejan/.m2/repository/com/google/api/api-common/1.7.0/api-common-1.7.0.jar:/Users/HusseinATejan/.m2/repository/io/grpc/grpc-netty-shaded/1.17.1/grpc-netty-shaded-1.17.1.jar:/Users/HusseinATejan/.m2/repository/io/grpc/grpc-alts/1.17.1/grpc-alts-1.17.1.jar:/Users/HusseinATejan/.m2/repository/io/grpc/grpc-grpclb/1.17.1/grpc-grpclb-1.17.1.jar:/Users/HusseinATejan/.m2/repository/com/google/cloud/google-cloud-core-grpc/1.61.0/google-cloud-core-grpc-1.61.0.jar:/Users/HusseinATejan/.m2/repository/com/google/protobuf/protobuf-java-util/3.6.1/protobuf-java-util-3.6.1.jar:/Users/HusseinATejan/.m2/repository/javax/annotation/javax.annotation-api/1.2/javax.annotation-api-1.2.jar:/Users/HusseinATejan/.m2/repository/com/google/api/grpc/grpc-google-cloud-pubsub-v1/1.43.0/grpc-google-cloud-pubsub-v1-1.43.0.jar:/Users/HusseinATejan/.m2/repository/com/google/api/grpc/proto-google-cloud-pubsub-v1/1.43.0/proto-google-cloud-pubsub-v1-1.43.0.jar:/Users/HusseinATejan/.m2/repository/com/google/api/grpc/proto-google-iam-v1/0.12.0/proto-google-iam-v1-0.12.0.jar:/Users/HusseinATejan/.m2/repository/com/google/cloud/bigdataoss/util/1.9.16/util-1.9.16.jar:/Users/HusseinATejan/.m2/repository/com/google/api-client/google-api-client-java6/1.27.0/google-api-client-java6-1.27.0.jar:/Users/HusseinATejan/.m2/repository/com/google/api-client/google-api-client-jackson2/1.27.0/google-api-client-jackson2-1.27.0.jar:/Users/HusseinATejan/.m2/repository/com/google/auto/value/auto-value-annotations/1.6.3/auto-value-annotations-1.6.3.jar:/Users/HusseinATejan/.m2/repository/com/google/oauth-client/google-oauth-client-java6/1.27.0/google-oauth-client-java6-1.27.0.jar:/Users/HusseinATejan/.m2/repository/com/google/flogger/google-extensions/0.3.1/google-extensions-0.3.1.jar:/Users/HusseinATejan/.m2/repository/com/google/flogger/flogger/0.3.1/flogger-0.3.1.jar:/Users/HusseinATejan/.m2/repository/com/google/flogger/flogger-system-backend/0.3.1/flogger-system-backend-0.3.1.jar:/Users/HusseinATejan/.m2/repository/com/google/cloud/datastore/datastore-v1-proto-client/1.6.0/datastore-v1-proto-client-1.6.0.jar:/Users/HusseinATejan/.m2/repository/com/google/http-client/google-http-client-protobuf/1.20.0/google-http-client-protobuf-1.20.0.jar:/Users/HusseinATejan/.m2/repository/com/google/http-client/google-http-client-jackson/1.20.0/google-http-client-jackson-1.20.0.jar:/Users/HusseinATejan/.m2/repository/com/google/api/grpc/proto-google-cloud-datastore-v1/0.44.0/proto-google-cloud-datastore-v1-0.44.0.jar:/Users/HusseinATejan/.m2/repository/io/grpc/grpc-auth/1.17.1/grpc-auth-1.17.1.jar:/Users/HusseinATejan/.m2/repository/io/grpc/grpc-netty/1.17.1/grpc-netty-1.17.1.jar:/Users/HusseinATejan/.m2/repository/io/netty/netty-codec-http2/4.1.30.Final/netty-codec-http2-4.1.30.Final.jar:/Users/HusseinATejan/.m2/repository/io/netty/netty-codec-http/4.1.30.Final/netty-codec-http-4.1.30.Final.jar:/Users/HusseinATejan/.m2/repository/io/netty/netty-handler-proxy/4.1.30.Final/netty-handler-proxy-4.1.30.Final.jar:/Users/HusseinATejan/.m2/repository/io/netty/netty-codec-socks/4.1.30.Final/netty-codec-socks-4.1.30.Final.jar:/Users/HusseinATejan/.m2/repository/io/netty/netty-handler/4.1.30.Final/netty-handler-4.1.30.Final.jar:/Users/HusseinATejan/.m2/repository/io/netty/netty-buffer/4.1.30.Final/netty-buffer-4.1.30.Final.jar:/Users/HusseinATejan/.m2/repository/io/netty/netty-common/4.1.30.Final/netty-common-4.1.30.Final.jar:/Users/HusseinATejan/.m2/repository/io/netty/netty-transport/4.1.30.Final/netty-transport-4.1.30.Final.jar:/Users/HusseinATejan/.m2/repository/io/netty/netty-resolver/4.1.30.Final/netty-resolver-4.1.30.Final.jar:/Users/HusseinATejan/.m2/repository/io/netty/netty-codec/4.1.30.Final/netty-codec-4.1.30.Final.jar:/Users/HusseinATejan/.m2/repository/io/grpc/grpc-stub/1.17.1/grpc-stub-1.17.1.jar:/Users/HusseinATejan/.m2/repository/com/google/cloud/google-cloud-bigquerystorage/0.79.0-alpha/google-cloud-bigquerystorage-0.79.0-alpha.jar:/Users/HusseinATejan/.m2/repository/com/google/api/grpc/grpc-google-cloud-bigquerystorage-v1beta1/0.44.0/grpc-google-cloud-bigquerystorage-v1beta1-0.44.0.jar:/Users/HusseinATejan/.m2/repository/com/google/api/grpc/proto-google-cloud-bigquerystorage-v1beta1/0.44.0/proto-google-cloud-bigquerystorage-v1beta1-0.44.0.jar:/Users/HusseinATejan/.m2/repository/com/google/cloud/google-cloud-core/1.61.0/google-cloud-core-1.61.0.jar:/Users/HusseinATejan/.m2/repository/com/google/cloud/google-cloud-spanner/1.6.0/google-cloud-spanner-1.6.0.jar:/Users/HusseinATejan/.m2/repository/com/google/api/grpc/proto-google-cloud-spanner-v1/1.6.0/proto-google-cloud-spanner-v1-1.6.0.jar:/Users/HusseinATejan/.m2/repository/com/google/api/grpc/proto-google-cloud-spanner-admin-instance-v1/1.6.0/proto-google-cloud-spanner-admin-instance-v1-1.6.0.jar:/Users/HusseinATejan/.m2/repository/com/google/api/grpc/grpc-google-cloud-spanner-v1/1.6.0/grpc-google-cloud-spanner-v1-1.6.0.jar:/Users/HusseinATejan/.m2/repository/com/google/api/grpc/grpc-google-cloud-spanner-admin-database-v1/1.6.0/grpc-google-cloud-spanner-admin-database-v1-1.6.0.jar:/Users/HusseinATejan/.m2/repository/com/google/api/grpc/grpc-google-cloud-spanner-admin-instance-v1/1.6.0/grpc-google-cloud-spanner-admin-instance-v1-1.6.0.jar:/Users/HusseinATejan/.m2/repository/com/google/api/grpc/grpc-google-common-protos/1.12.0/grpc-google-common-protos-1.12.0.jar:/Users/HusseinATejan/.m2/repository/io/opencensus/opencensus-contrib-grpc-util/0.17.0/opencensus-contrib-grpc-util-0.17.0.jar:/Users/HusseinATejan/.m2/repository/com/google/api/grpc/grpc-google-cloud-bigtable-v2/0.44.0/grpc-google-cloud-bigtable-v2-0.44.0.jar:/Users/HusseinATejan/.m2/repository/com/google/api/grpc/proto-google-cloud-bigtable-v2/0.44.0/proto-google-cloud-bigtable-v2-0.44.0.jar:/Users/HusseinATejan/.m2/repository/com/google/cloud/bigtable/bigtable-client-core/1.8.0/bigtable-client-core-1.8.0.jar:/Users/HusseinATejan/.m2/repository/com/google/cloud/google-cloud-bigtable/0.73.0-alpha/google-cloud-bigtable-0.73.0-alpha.jar:/Users/HusseinATejan/.m2/repository/com/google/cloud/google-cloud-bigtable-admin/0.73.0-alpha/google-cloud-bigtable-admin-0.73.0-alpha.jar:/Users/HusseinATejan/.m2/repository/com/google/api/grpc/proto-google-cloud-bigtable-admin-v2/0.38.0/proto-google-cloud-bigtable-admin-v2-0.38.0.jar:/Users/HusseinATejan/.m2/repository/com/google/api/grpc/grpc-google-cloud-bigtable-admin-v2/0.38.0/grpc-google-cloud-bigtable-admin-v2-0.38.0.jar:/Users/HusseinATejan/.m2/repository/commons-logging/commons-logging/1.2/commons-logging-1.2.jar:/Users/HusseinATejan/.m2/repository/com/google/cloud/google-cloud-core-http/1.55.0/google-cloud-core-http-1.55.0.jar:/Users/HusseinATejan/.m2/repository/com/google/http-client/google-http-client-appengine/1.27.0/google-http-client-appengine-1.27.0.jar:/Users/HusseinATejan/.m2/repository/com/google/api/gax-httpjson/0.52.0/gax-httpjson-0.52.0.jar:/Users/HusseinATejan/.m2/repository/io/opencensus/opencensus-contrib-http-util/0.15.0/opencensus-contrib-http-util-0.15.0.jar:/Users/HusseinATejan/.m2/repository/io/dropwizard/metrics/metrics-core/3.1.2/metrics-core-3.1.2.jar:/Users/HusseinATejan/.m2/repository/com/google/http-client/google-http-client-jackson2/1.27.0/google-http-client-jackson2-1.27.0.jar:/Users/HusseinATejan/.m2/repository/com/google/auth/google-auth-library-credentials/0.12.0/google-auth-library-credentials-0.12.0.jar:/Users/HusseinATejan/.m2/repository/com/google/auth/google-auth-library-oauth2-http/0.12.0/google-auth-library-oauth2-http-0.12.0.jar:/Users/HusseinATejan/.m2/repository/com/google/protobuf/protobuf-java/3.6.0/protobuf-java-3.6.0.jar:/Users/HusseinATejan/.m2/repository/com/google/api/grpc/proto-google-cloud-spanner-admin-database-v1/1.6.0/proto-google-cloud-spanner-admin-database-v1-1.6.0.jar:/Users/HusseinATejan/.m2/repository/com/google/api/grpc/proto-google-common-protos/1.12.0/proto-google-common-protos-1.12.0.jar:/Users/HusseinATejan/.m2/repository/io/grpc/grpc-all/1.17.1/grpc-all-1.17.1.jar:/Users/HusseinATejan/.m2/repository/io/grpc/grpc-okhttp/1.17.1/grpc-okhttp-1.17.1.jar:/Users/HusseinATejan/.m2/repository/com/squareup/okhttp/okhttp/2.5.0/okhttp-2.5.0.jar:/Users/HusseinATejan/.m2/repository/com/squareup/okio/okio/1.13.0/okio-1.13.0.jar:/Users/HusseinATejan/.m2/repository/io/grpc/grpc-protobuf-nano/1.17.1/grpc-protobuf-nano-1.17.1.jar:/Users/HusseinATejan/.m2/repository/com/google/protobuf/nano/protobuf-javanano/3.0.0-alpha-5/protobuf-javanano-3.0.0-alpha-5.jar:/Users/HusseinATejan/.m2/repository/io/grpc/grpc-testing/1.17.1/grpc-testing-1.17.1.jar:/Users/HusseinATejan/.m2/repository/io/netty/netty-tcnative-boringssl-static/2.0.17.Final/netty-tcnative-boringssl-static-2.0.17.Final.jar:/Users/HusseinATejan/.m2/repository/com/google/api-client/google-api-client/1.27.0/google-api-client-1.27.0.jar:/Users/HusseinATejan/.m2/repository/com/google/oauth-client/google-oauth-client/1.27.0/google-oauth-client-1.27.0.jar:/Users/HusseinATejan/.m2/repository/com/google/apis/google-api-services-bigquery/v2-rev20181104-1.27.0/google-api-services-bigquery-v2-rev20181104-1.27.0.jar:/Users/HusseinATejan/.m2/repository/com/google/http-client/google-http-client/1.27.0/google-http-client-1.27.0.jar:/Users/HusseinATejan/.m2/repository/com/google/code/findbugs/jsr305/3.0.2/jsr305-3.0.2.jar:/Users/HusseinATejan/.m2/repository/org/apache/httpcomponents/httpclient/4.5.5/httpclient-4.5.5.jar:/Users/HusseinATejan/.m2/repository/org/apache/httpcomponents/httpcore/4.4.9/httpcore-4.4.9.jar:/Users/HusseinATejan/.m2/repository/commons-codec/commons-codec/1.10/commons-codec-1.10.jar:/Users/HusseinATejan/.m2/repository/com/google/j2objc/j2objc-annotations/1.1/j2objc-annotations-1.1.jar:/Users/HusseinATejan/.m2/repository/com/google/apis/google-api-services-pubsub/v1-rev20181105-1.27.0/google-api-services-pubsub-v1-rev20181105-1.27.0.jar:/Users/HusseinATejan/.m2/repository/joda-time/joda-time/2.4/joda-time-2.4.jar:/Users/HusseinATejan/.m2/repository/com/google/guava/guava/20.0/guava-20.0.jar:/Users/HusseinATejan/.m2/repository/org/slf4j/slf4j-api/1.7.25/slf4j-api-1.7.25.jar:/Users/HusseinATejan/.m2/repository/org/slf4j/slf4j-jdk14/1.7.25/slf4j-jdk14-1.7.25.jar:/Users/HusseinATejan/.m2/repository/org/hamcrest/hamcrest-core/1.3/hamcrest-core-1.3.jar:/Users/HusseinATejan/.m2/repository/org/hamcrest/hamcrest-library/1.3/hamcrest-library-1.3.jar:/Users/HusseinATejan/.m2/repository/junit/junit/4.13-beta-1/junit-4.13-beta-1.jar:/Users/HusseinATejan/.m2/repository/org/apache/beam/beam-runners-direct-java/2.11.0/beam-runners-direct-java-2.11.0.jar:/Users/HusseinATejan/.m2/repository/org/apache/beam/beam-vendor-grpc-1_13_1/0.2/beam-vendor-grpc-1_13_1-0.2.jar:/Users/HusseinATejan/.m2/repository/args4j/args4j/2.33/args4j-2.33.jar:/Users/HusseinATejan/.m2/repository/org/mockito/mockito-core/1.10.19/mockito-core-1.10.19.jar:/Users/HusseinATejan/.m2/repository/org/objenesis/objenesis/2.1/objenesis-2.1.jar:/Users/HusseinATejan/.m2/repository/com/opencsv/opencsv/3.8/opencsv-3.8.jar:/Users/HusseinATejan/.m2/repository/org/apache/commons/commons-lang3/3.4/commons-lang3-3.4.jar:/Users/HusseinATejan/.m2/repository/commons-beanutils/commons-beanutils/1.9.2/commons-beanutils-1.9.2.jar:/Users/HusseinATejan/.m2/repository/commons-collections/commons-collections/3.2.1/commons-collections-3.2.1.jar:/Users/HusseinATejan/.m2/repository/org/apache/beam/beam-runners-reference-java/2.11.0/beam-runners-reference-java-2.11.0.jar:/Users/HusseinATejan/.m2/repository/org/apache/beam/beam-runners-core-construction-java/2.11.0/beam-runners-core-construction-java-2.11.0.jar:/Users/HusseinATejan/.m2/repository/org/apache/beam/beam-runners-java-fn-execution/2.11.0/beam-runners-java-fn-execution-2.11.0.jar:/Users/HusseinATejan/.m2/repository/org/apache/beam/beam-model-fn-execution/2.11.0/beam-model-fn-execution-2.11.0.jar:/Users/HusseinATejan/.m2/repository/org/apache/beam/beam-vendor-sdks-java-extensions-protobuf/2.11.0/beam-vendor-sdks-java-extensions-protobuf-2.11.0.jar:/Users/HusseinATejan/.m2/repository/org/apache/beam/beam-sdks-java-fn-execution/2.11.0/beam-sdks-java-fn-execution-2.11.0.jar:/Users/HusseinATejan/.m2/repository/org/apache/beam/beam-sdks-java-harness/2.11.0/beam-sdks-java-harness-2.11.0.jar:"/>
    <property name="sun.cpu.endian" value="little"/>
    <property name="user.home" value="/Users/HusseinATejan"/>
    <property name="user.language" value="en"/>
    <property name="java.specification.vendor" value="Oracle Corporation"/>
    <property name="java.home" value="/Library/Java/JavaVirtualMachines/jdk1.8.0_192.jdk/Contents/Home/jre"/>
    <property name="basedir" value="/Users/HusseinATejan/Desktop/Comptool/comparison-beam"/>
    <property name="file.separator" value="/"/>
    <property name="line.separator" value="&#10;"/>
    <property name="java.vm.specification.vendor" value="Oracle Corporation"/>
    <property name="java.specification.name" value="Java Platform API Specification"/>
    <property name="java.awt.graphicsenv" value="sun.awt.CGraphicsEnvironment"/>
    <property name="surefire.real.class.path" value="/Users/HusseinATejan/Desktop/Comptool/comparison-beam/target/surefire/surefirebooter1603290796823556445.jar"/>
    <property name="sun.boot.class.path" value="/Library/Java/JavaVirtualMachines/jdk1.8.0_192.jdk/Contents/Home/jre/lib/resources.jar:/Library/Java/JavaVirtualMachines/jdk1.8.0_192.jdk/Contents/Home/jre/lib/rt.jar:/Library/Java/JavaVirtualMachines/jdk1.8.0_192.jdk/Contents/Home/jre/lib/sunrsasign.jar:/Library/Java/JavaVirtualMachines/jdk1.8.0_192.jdk/Contents/Home/jre/lib/jsse.jar:/Library/Java/JavaVirtualMachines/jdk1.8.0_192.jdk/Contents/Home/jre/lib/jce.jar:/Library/Java/JavaVirtualMachines/jdk1.8.0_192.jdk/Contents/Home/jre/lib/charsets.jar:/Library/Java/JavaVirtualMachines/jdk1.8.0_192.jdk/Contents/Home/jre/lib/jfr.jar:/Library/Java/JavaVirtualMachines/jdk1.8.0_192.jdk/Contents/Home/jre/classes"/>
    <property name="sun.management.compiler" value="HotSpot 64-Bit Tiered Compilers"/>
    <property name="ftp.nonProxyHosts" value="local|*.local|169.254/16|*.169.254/16"/>
    <property name="java.runtime.version" value="1.8.0_192-b12"/>
    <property name="user.name" value="HusseinATejan"/>
    <property name="path.separator" value=":"/>
    <property name="os.version" value="10.14.3"/>
    <property name="java.endorsed.dirs" value="/Library/Java/JavaVirtualMachines/jdk1.8.0_192.jdk/Contents/Home/jre/lib/endorsed"/>
    <property name="java.runtime.name" value="Java(TM) SE Runtime Environment"/>
    <property name="file.encoding" value="UTF-8"/>
    <property name="java.vm.name" value="Java HotSpot(TM) 64-Bit Server VM"/>
    <property name="localRepository" value="/Users/HusseinATejan/.m2/repository"/>
    <property name="java.vendor.url.bug" value="http://bugreport.sun.com/bugreport/"/>
    <property name="java.io.tmpdir" value="/var/folders/6t/qhlv8dcj3sdg7hbzs__144tc0000gn/T/"/>
    <property name="java.version" value="1.8.0_192"/>
    <property name="user.dir" value="/Users/HusseinATejan/Desktop/Comptool/comparison-beam"/>
    <property name="os.arch" value="x86_64"/>
    <property name="java.vm.specification.name" value="Java Virtual Machine Specification"/>
    <property name="java.awt.printerjob" value="sun.lwawt.macosx.CPrinterJob"/>
    <property name="sun.os.patch.level" value="unknown"/>
    <property name="java.library.path" value="/Users/HusseinATejan/Library/Java/Extensions:/Library/Java/Extensions:/Network/Library/Java/Extensions:/System/Library/Java/Extensions:/usr/lib/java:."/>
    <property name="java.vm.info" value="mixed mode"/>
    <property name="java.vendor" value="Oracle Corporation"/>
    <property name="java.vm.version" value="25.192-b12"/>
    <property name="java.ext.dirs" value="/Users/HusseinATejan/Library/Java/Extensions:/Library/Java/JavaVirtualMachines/jdk1.8.0_192.jdk/Contents/Home/jre/lib/ext:/Library/Java/Extensions:/Network/Library/Java/Extensions:/System/Library/Java/Extensions:/usr/lib/java"/>
    <property name="sun.io.unicode.encoding" value="UnicodeBig"/>
    <property name="java.class.version" value="52.0"/>
    <property name="socksNonProxyHosts" value="local|*.local|169.254/16|*.169.254/16"/>
  </properties>
  <testcase name="testMinimalWordCount" classname="org.apache.beam.examples.MinimalWordComparatorTest" time="3.668"/>
</testsuite>