<?xml version="1.0" encoding="UTF-8"?>
<testsuite xmlns:xsi="http://www.w3.org/2001/XMLSchema-instance" xsi:noNamespaceSchemaLocation="https://maven.apache.org/surefire/maven-surefire-plugin/xsd/surefire-test-report.xsd" name="org.apache.beam.examples.MinimalWordComparatorTest" time="4.174" tests="1" errors="0" skipped="0" failures="0">
  <properties>
    <property name="sun.desktop" value="windows"/>
    <property name="awt.toolkit" value="sun.awt.windows.WToolkit"/>
    <property name="jdk.extensions.version" value="8.0.202.1"/>
    <property name="file.encoding.pkg" value="sun.io"/>
    <property name="java.specification.version" value="1.8"/>
    <property name="sun.jnu.encoding" value="Cp1252"/>
    <property name="java.class.path" value="C:\Users\hussein.tejan\Desktop\Beam\PoCTool-Apache-Beam\comparison-beam\target\test-classes;C:\Users\hussein.tejan\Desktop\Beam\PoCTool-Apache-Beam\comparison-beam\target\classes;C:\Users\hussein.tejan\.m2\repository\org\apache\beam\beam-sdks-java-core\2.11.0\beam-sdks-java-core-2.11.0.jar;C:\Users\hussein.tejan\.m2\repository\org\apache\beam\beam-model-pipeline\2.11.0\beam-model-pipeline-2.11.0.jar;C:\Users\hussein.tejan\.m2\repository\com\google\errorprone\error_prone_annotations\2.1.2\error_prone_annotations-2.1.2.jar;C:\Users\hussein.tejan\.m2\repository\org\apache\beam\beam-model-job-management\2.11.0\beam-model-job-management-2.11.0.jar;C:\Users\hussein.tejan\.m2\repository\org\apache\beam\beam-vendor-guava-20_0\0.1\beam-vendor-guava-20_0-0.1.jar;C:\Users\hussein.tejan\.m2\repository\com\fasterxml\jackson\core\jackson-core\2.9.8\jackson-core-2.9.8.jar;C:\Users\hussein.tejan\.m2\repository\com\fasterxml\jackson\core\jackson-annotations\2.9.8\jackson-annotations-2.9.8.jar;C:\Users\hussein.tejan\.m2\repository\com\fasterxml\jackson\core\jackson-databind\2.9.8\jackson-databind-2.9.8.jar;C:\Users\hussein.tejan\.m2\repository\org\apache\avro\avro\1.8.2\avro-1.8.2.jar;C:\Users\hussein.tejan\.m2\repository\org\codehaus\jackson\jackson-core-asl\1.9.13\jackson-core-asl-1.9.13.jar;C:\Users\hussein.tejan\.m2\repository\org\codehaus\jackson\jackson-mapper-asl\1.9.13\jackson-mapper-asl-1.9.13.jar;C:\Users\hussein.tejan\.m2\repository\com\thoughtworks\paranamer\paranamer\2.7\paranamer-2.7.jar;C:\Users\hussein.tejan\.m2\repository\org\apache\commons\commons-compress\1.8.1\commons-compress-1.8.1.jar;C:\Users\hussein.tejan\.m2\repository\org\xerial\snappy\snappy-java\1.1.4\snappy-java-1.1.4.jar;C:\Users\hussein.tejan\.m2\repository\com\github\luben\zstd-jni\1.3.8-3\zstd-jni-1.3.8-3.jar;C:\Users\hussein.tejan\.m2\repository\org\tukaani\xz\1.8\xz-1.8.jar;C:\Users\hussein.tejan\.m2\repository\org\apache\beam\beam-sdks-java-io-google-cloud-platform\2.11.0\beam-sdks-java-io-google-cloud-platform-2.11.0.jar;C:\Users\hussein.tejan\.m2\repository\org\apache\beam\beam-sdks-java-extensions-google-cloud-platform-core\2.11.0\beam-sdks-java-extensions-google-cloud-platform-core-2.11.0.jar;C:\Users\hussein.tejan\.m2\repository\com\google\cloud\bigdataoss\gcsio\1.9.16\gcsio-1.9.16.jar;C:\Users\hussein.tejan\.m2\repository\com\google\apis\google-api-services-cloudresourcemanager\v1-rev20181015-1.27.0\google-api-services-cloudresourcemanager-v1-rev20181015-1.27.0.jar;C:\Users\hussein.tejan\.m2\repository\com\google\apis\google-api-services-storage\v1-rev20181013-1.27.0\google-api-services-storage-v1-rev20181013-1.27.0.jar;C:\Users\hussein.tejan\.m2\repository\org\apache\beam\beam-sdks-java-extensions-protobuf\2.11.0\beam-sdks-java-extensions-protobuf-2.11.0.jar;C:\Users\hussein.tejan\.m2\repository\io\grpc\grpc-core\1.17.1\grpc-core-1.17.1.jar;C:\Users\hussein.tejan\.m2\repository\io\grpc\grpc-context\1.17.1\grpc-context-1.17.1.jar;C:\Users\hussein.tejan\.m2\repository\com\google\code\gson\gson\2.7\gson-2.7.jar;C:\Users\hussein.tejan\.m2\repository\org\codehaus\mojo\animal-sniffer-annotations\1.17\animal-sniffer-annotations-1.17.jar;C:\Users\hussein.tejan\.m2\repository\io\opencensus\opencensus-api\0.17.0\opencensus-api-0.17.0.jar;C:\Users\hussein.tejan\.m2\repository\io\opencensus\opencensus-contrib-grpc-metrics\0.17.0\opencensus-contrib-grpc-metrics-0.17.0.jar;C:\Users\hussein.tejan\.m2\repository\com\google\api\gax-grpc\1.38.0\gax-grpc-1.38.0.jar;C:\Users\hussein.tejan\.m2\repository\com\google\api\gax\1.38.0\gax-1.38.0.jar;C:\Users\hussein.tejan\.m2\repository\io\grpc\grpc-protobuf\1.17.1\grpc-protobuf-1.17.1.jar;C:\Users\hussein.tejan\.m2\repository\io\grpc\grpc-protobuf-lite\1.17.1\grpc-protobuf-lite-1.17.1.jar;C:\Users\hussein.tejan\.m2\repository\org\threeten\threetenbp\1.3.3\threetenbp-1.3.3.jar;C:\Users\hussein.tejan\.m2\repository\com\google\api\api-common\1.7.0\api-common-1.7.0.jar;C:\Users\hussein.tejan\.m2\repository\io\grpc\grpc-netty-shaded\1.17.1\grpc-netty-shaded-1.17.1.jar;C:\Users\hussein.tejan\.m2\repository\io\grpc\grpc-alts\1.17.1\grpc-alts-1.17.1.jar;C:\Users\hussein.tejan\.m2\repository\org\apache\commons\commons-lang3\3.5\commons-lang3-3.5.jar;C:\Users\hussein.tejan\.m2\repository\io\grpc\grpc-grpclb\1.17.1\grpc-grpclb-1.17.1.jar;C:\Users\hussein.tejan\.m2\repository\com\google\cloud\google-cloud-core-grpc\1.61.0\google-cloud-core-grpc-1.61.0.jar;C:\Users\hussein.tejan\.m2\repository\com\google\protobuf\protobuf-java-util\3.6.1\protobuf-java-util-3.6.1.jar;C:\Users\hussein.tejan\.m2\repository\javax\annotation\javax.annotation-api\1.2\javax.annotation-api-1.2.jar;C:\Users\hussein.tejan\.m2\repository\com\google\api\grpc\grpc-google-cloud-pubsub-v1\1.43.0\grpc-google-cloud-pubsub-v1-1.43.0.jar;C:\Users\hussein.tejan\.m2\repository\com\google\api\grpc\proto-google-cloud-pubsub-v1\1.43.0\proto-google-cloud-pubsub-v1-1.43.0.jar;C:\Users\hussein.tejan\.m2\repository\com\google\api\grpc\proto-google-iam-v1\0.12.0\proto-google-iam-v1-0.12.0.jar;C:\Users\hussein.tejan\.m2\repository\com\google\cloud\bigdataoss\util\1.9.16\util-1.9.16.jar;C:\Users\hussein.tejan\.m2\repository\com\google\api-client\google-api-client-java6\1.27.0\google-api-client-java6-1.27.0.jar;C:\Users\hussein.tejan\.m2\repository\com\google\api-client\google-api-client-jackson2\1.27.0\google-api-client-jackson2-1.27.0.jar;C:\Users\hussein.tejan\.m2\repository\com\google\auto\value\auto-value-annotations\1.6.3\auto-value-annotations-1.6.3.jar;C:\Users\hussein.tejan\.m2\repository\com\google\oauth-client\google-oauth-client-java6\1.27.0\google-oauth-client-java6-1.27.0.jar;C:\Users\hussein.tejan\.m2\repository\com\google\flogger\google-extensions\0.3.1\google-extensions-0.3.1.jar;C:\Users\hussein.tejan\.m2\repository\com\google\flogger\flogger\0.3.1\flogger-0.3.1.jar;C:\Users\hussein.tejan\.m2\repository\com\google\flogger\flogger-system-backend\0.3.1\flogger-system-backend-0.3.1.jar;C:\Users\hussein.tejan\.m2\repository\com\google\cloud\datastore\datastore-v1-proto-client\1.6.0\datastore-v1-proto-client-1.6.0.jar;C:\Users\hussein.tejan\.m2\repository\com\google\http-client\google-http-client-protobuf\1.20.0\google-http-client-protobuf-1.20.0.jar;C:\Users\hussein.tejan\.m2\repository\com\google\http-client\google-http-client-jackson\1.20.0\google-http-client-jackson-1.20.0.jar;C:\Users\hussein.tejan\.m2\repository\com\google\api\grpc\proto-google-cloud-datastore-v1\0.44.0\proto-google-cloud-datastore-v1-0.44.0.jar;C:\Users\hussein.tejan\.m2\repository\io\grpc\grpc-auth\1.17.1\grpc-auth-1.17.1.jar;C:\Users\hussein.tejan\.m2\repository\io\grpc\grpc-netty\1.17.1\grpc-netty-1.17.1.jar;C:\Users\hussein.tejan\.m2\repository\io\netty\netty-codec-http2\4.1.30.Final\netty-codec-http2-4.1.30.Final.jar;C:\Users\hussein.tejan\.m2\repository\io\netty\netty-codec-http\4.1.30.Final\netty-codec-http-4.1.30.Final.jar;C:\Users\hussein.tejan\.m2\repository\io\netty\netty-handler-proxy\4.1.30.Final\netty-handler-proxy-4.1.30.Final.jar;C:\Users\hussein.tejan\.m2\repository\io\netty\netty-codec-socks\4.1.30.Final\netty-codec-socks-4.1.30.Final.jar;C:\Users\hussein.tejan\.m2\repository\io\netty\netty-handler\4.1.30.Final\netty-handler-4.1.30.Final.jar;C:\Users\hussein.tejan\.m2\repository\io\netty\netty-buffer\4.1.30.Final\netty-buffer-4.1.30.Final.jar;C:\Users\hussein.tejan\.m2\repository\io\netty\netty-common\4.1.30.Final\netty-common-4.1.30.Final.jar;C:\Users\hussein.tejan\.m2\repository\io\netty\netty-transport\4.1.30.Final\netty-transport-4.1.30.Final.jar;C:\Users\hussein.tejan\.m2\repository\io\netty\netty-resolver\4.1.30.Final\netty-resolver-4.1.30.Final.jar;C:\Users\hussein.tejan\.m2\repository\io\netty\netty-codec\4.1.30.Final\netty-codec-4.1.30.Final.jar;C:\Users\hussein.tejan\.m2\repository\io\grpc\grpc-stub\1.17.1\grpc-stub-1.17.1.jar;C:\Users\hussein.tejan\.m2\repository\com\google\cloud\google-cloud-bigquerystorage\0.79.0-alpha\google-cloud-bigquerystorage-0.79.0-alpha.jar;C:\Users\hussein.tejan\.m2\repository\com\google\api\grpc\grpc-google-cloud-bigquerystorage-v1beta1\0.44.0\grpc-google-cloud-bigquerystorage-v1beta1-0.44.0.jar;C:\Users\hussein.tejan\.m2\repository\com\google\api\grpc\proto-google-cloud-bigquerystorage-v1beta1\0.44.0\proto-google-cloud-bigquerystorage-v1beta1-0.44.0.jar;C:\Users\hussein.tejan\.m2\repository\com\google\cloud\google-cloud-core\1.61.0\google-cloud-core-1.61.0.jar;C:\Users\hussein.tejan\.m2\repository\com\google\cloud\google-cloud-spanner\1.6.0\google-cloud-spanner-1.6.0.jar;C:\Users\hussein.tejan\.m2\repository\com\google\api\grpc\proto-google-cloud-spanner-v1\1.6.0\proto-google-cloud-spanner-v1-1.6.0.jar;C:\Users\hussein.tejan\.m2\repository\com\google\api\grpc\proto-google-cloud-spanner-admin-instance-v1\1.6.0\proto-google-cloud-spanner-admin-instance-v1-1.6.0.jar;C:\Users\hussein.tejan\.m2\repository\com\google\api\grpc\grpc-google-cloud-spanner-v1\1.6.0\grpc-google-cloud-spanner-v1-1.6.0.jar;C:\Users\hussein.tejan\.m2\repository\com\google\api\grpc\grpc-google-cloud-spanner-admin-database-v1\1.6.0\grpc-google-cloud-spanner-admin-database-v1-1.6.0.jar;C:\Users\hussein.tejan\.m2\repository\com\google\api\grpc\grpc-google-cloud-spanner-admin-instance-v1\1.6.0\grpc-google-cloud-spanner-admin-instance-v1-1.6.0.jar;C:\Users\hussein.tejan\.m2\repository\com\google\api\grpc\grpc-google-common-protos\1.12.0\grpc-google-common-protos-1.12.0.jar;C:\Users\hussein.tejan\.m2\repository\io\opencensus\opencensus-contrib-grpc-util\0.17.0\opencensus-contrib-grpc-util-0.17.0.jar;C:\Users\hussein.tejan\.m2\repository\com\google\api\grpc\grpc-google-cloud-bigtable-v2\0.44.0\grpc-google-cloud-bigtable-v2-0.44.0.jar;C:\Users\hussein.tejan\.m2\repository\com\google\api\grpc\proto-google-cloud-bigtable-v2\0.44.0\proto-google-cloud-bigtable-v2-0.44.0.jar;C:\Users\hussein.tejan\.m2\repository\com\google\cloud\bigtable\bigtable-client-core\1.8.0\bigtable-client-core-1.8.0.jar;C:\Users\hussein.tejan\.m2\repository\com\google\cloud\google-cloud-bigtable\0.73.0-alpha\google-cloud-bigtable-0.73.0-alpha.jar;C:\Users\hussein.tejan\.m2\repository\com\google\cloud\google-cloud-bigtable-admin\0.73.0-alpha\google-cloud-bigtable-admin-0.73.0-alpha.jar;C:\Users\hussein.tejan\.m2\repository\com\google\api\grpc\proto-google-cloud-bigtable-admin-v2\0.38.0\proto-google-cloud-bigtable-admin-v2-0.38.0.jar;C:\Users\hussein.tejan\.m2\repository\com\google\api\grpc\grpc-google-cloud-bigtable-admin-v2\0.38.0\grpc-google-cloud-bigtable-admin-v2-0.38.0.jar;C:\Users\hussein.tejan\.m2\repository\commons-logging\commons-logging\1.2\commons-logging-1.2.jar;C:\Users\hussein.tejan\.m2\repository\com\google\cloud\google-cloud-core-http\1.55.0\google-cloud-core-http-1.55.0.jar;C:\Users\hussein.tejan\.m2\repository\com\google\http-client\google-http-client-appengine\1.27.0\google-http-client-appengine-1.27.0.jar;C:\Users\hussein.tejan\.m2\repository\com\google\api\gax-httpjson\0.52.0\gax-httpjson-0.52.0.jar;C:\Users\hussein.tejan\.m2\repository\io\opencensus\opencensus-contrib-http-util\0.15.0\opencensus-contrib-http-util-0.15.0.jar;C:\Users\hussein.tejan\.m2\repository\io\dropwizard\metrics\metrics-core\3.1.2\metrics-core-3.1.2.jar;C:\Users\hussein.tejan\.m2\repository\com\google\http-client\google-http-client-jackson2\1.27.0\google-http-client-jackson2-1.27.0.jar;C:\Users\hussein.tejan\.m2\repository\com\google\auth\google-auth-library-credentials\0.12.0\google-auth-library-credentials-0.12.0.jar;C:\Users\hussein.tejan\.m2\repository\com\google\auth\google-auth-library-oauth2-http\0.12.0\google-auth-library-oauth2-http-0.12.0.jar;C:\Users\hussein.tejan\.m2\repository\com\google\protobuf\protobuf-java\3.6.0\protobuf-java-3.6.0.jar;C:\Users\hussein.tejan\.m2\repository\com\google\api\grpc\proto-google-cloud-spanner-admin-database-v1\1.6.0\proto-google-cloud-spanner-admin-database-v1-1.6.0.jar;C:\Users\hussein.tejan\.m2\repository\com\google\api\grpc\proto-google-common-protos\1.12.0\proto-google-common-protos-1.12.0.jar;C:\Users\hussein.tejan\.m2\repository\io\grpc\grpc-all\1.17.1\grpc-all-1.17.1.jar;C:\Users\hussein.tejan\.m2\repository\io\grpc\grpc-okhttp\1.17.1\grpc-okhttp-1.17.1.jar;C:\Users\hussein.tejan\.m2\repository\com\squareup\okhttp\okhttp\2.5.0\okhttp-2.5.0.jar;C:\Users\hussein.tejan\.m2\repository\com\squareup\okio\okio\1.13.0\okio-1.13.0.jar;C:\Users\hussein.tejan\.m2\repository\io\grpc\grpc-protobuf-nano\1.17.1\grpc-protobuf-nano-1.17.1.jar;C:\Users\hussein.tejan\.m2\repository\com\google\protobuf\nano\protobuf-javanano\3.0.0-alpha-5\protobuf-javanano-3.0.0-alpha-5.jar;C:\Users\hussein.tejan\.m2\repository\io\grpc\grpc-testing\1.17.1\grpc-testing-1.17.1.jar;C:\Users\hussein.tejan\.m2\repository\io\netty\netty-tcnative-boringssl-static\2.0.17.Final\netty-tcnative-boringssl-static-2.0.17.Final.jar;C:\Users\hussein.tejan\.m2\repository\com\google\api-client\google-api-client\1.27.0\google-api-client-1.27.0.jar;C:\Users\hussein.tejan\.m2\repository\com\google\oauth-client\google-oauth-client\1.27.0\google-oauth-client-1.27.0.jar;C:\Users\hussein.tejan\.m2\repository\com\google\apis\google-api-services-bigquery\v2-rev20181104-1.27.0\google-api-services-bigquery-v2-rev20181104-1.27.0.jar;C:\Users\hussein.tejan\.m2\repository\com\google\http-client\google-http-client\1.27.0\google-http-client-1.27.0.jar;C:\Users\hussein.tejan\.m2\repository\com\google\code\findbugs\jsr305\3.0.2\jsr305-3.0.2.jar;C:\Users\hussein.tejan\.m2\repository\org\apache\httpcomponents\httpclient\4.5.5\httpclient-4.5.5.jar;C:\Users\hussein.tejan\.m2\repository\org\apache\httpcomponents\httpcore\4.4.9\httpcore-4.4.9.jar;C:\Users\hussein.tejan\.m2\repository\commons-codec\commons-codec\1.10\commons-codec-1.10.jar;C:\Users\hussein.tejan\.m2\repository\com\google\j2objc\j2objc-annotations\1.1\j2objc-annotations-1.1.jar;C:\Users\hussein.tejan\.m2\repository\com\google\apis\google-api-services-pubsub\v1-rev20181105-1.27.0\google-api-services-pubsub-v1-rev20181105-1.27.0.jar;C:\Users\hussein.tejan\.m2\repository\joda-time\joda-time\2.4\joda-time-2.4.jar;C:\Users\hussein.tejan\.m2\repository\com\google\guava\guava\20.0\guava-20.0.jar;C:\Users\hussein.tejan\.m2\repository\org\slf4j\slf4j-api\1.7.25\slf4j-api-1.7.25.jar;C:\Users\hussein.tejan\.m2\repository\org\slf4j\slf4j-jdk14\1.7.25\slf4j-jdk14-1.7.25.jar;C:\Users\hussein.tejan\.m2\repository\org\hamcrest\hamcrest-core\1.3\hamcrest-core-1.3.jar;C:\Users\hussein.tejan\.m2\repository\org\hamcrest\hamcrest-library\1.3\hamcrest-library-1.3.jar;C:\Users\hussein.tejan\.m2\repository\junit\junit\4.13-beta-1\junit-4.13-beta-1.jar;C:\Users\hussein.tejan\.m2\repository\org\apache\beam\beam-runners-direct-java\2.11.0\beam-runners-direct-java-2.11.0.jar;C:\Users\hussein.tejan\.m2\repository\org\apache\beam\beam-vendor-grpc-1_13_1\0.2\beam-vendor-grpc-1_13_1-0.2.jar;C:\Users\hussein.tejan\.m2\repository\args4j\args4j\2.33\args4j-2.33.jar;C:\Users\hussein.tejan\.m2\repository\org\mockito\mockito-core\1.10.19\mockito-core-1.10.19.jar;C:\Users\hussein.tejan\.m2\repository\org\objenesis\objenesis\2.1\objenesis-2.1.jar;C:\Users\hussein.tejan\.m2\repository\org\apache\commons\commons-csv\1.6\commons-csv-1.6.jar;C:\Users\hussein.tejan\.m2\repository\org\apache\beam\beam-runners-reference-java\2.11.0\beam-runners-reference-java-2.11.0.jar;C:\Users\hussein.tejan\.m2\repository\org\apache\beam\beam-runners-core-construction-java\2.11.0\beam-runners-core-construction-java-2.11.0.jar;C:\Users\hussein.tejan\.m2\repository\org\apache\beam\beam-runners-java-fn-execution\2.11.0\beam-runners-java-fn-execution-2.11.0.jar;C:\Users\hussein.tejan\.m2\repository\org\apache\beam\beam-model-fn-execution\2.11.0\beam-model-fn-execution-2.11.0.jar;C:\Users\hussein.tejan\.m2\repository\org\apache\beam\beam-vendor-sdks-java-extensions-protobuf\2.11.0\beam-vendor-sdks-java-extensions-protobuf-2.11.0.jar;C:\Users\hussein.tejan\.m2\repository\org\apache\beam\beam-sdks-java-fn-execution\2.11.0\beam-sdks-java-fn-execution-2.11.0.jar;C:\Users\hussein.tejan\.m2\repository\org\apache\beam\beam-sdks-java-harness\2.11.0\beam-sdks-java-harness-2.11.0.jar;"/>
    <property name="java.vm.vendor" value="Eclipse OpenJ9"/>
    <property name="com.ibm.zero.version" value="2"/>
    <property name="sun.arch.data.model" value="64"/>
    <property name="com.ibm.vm.bitmode" value="64"/>
    <property name="user.variant" value=""/>
    <property name="com.ibm.oti.vm.library.version" value="29"/>
    <property name="java.vendor.url" value="http://www.eclipse.org/openj9"/>
    <property name="user.timezone" value="Europe/London"/>
    <property name="os.name" value="Windows 10"/>
    <property name="java.vm.specification.version" value="1.8"/>
    <property name="sun.java.launcher" value="SUN_STANDARD"/>
    <property name="user.country" value="GB"/>
    <property name="sun.boot.library.path" value="C:\Program Files\AdoptOpenJDK\jdk-8.0.202.08\jre\bin\compressedrefs;C:\Program Files\AdoptOpenJDK\jdk-8.0.202.08\jre\bin"/>
    <property name="sun.java.command" value="C:\Users\hussein.tejan\AppData\Local\Temp\surefire1090185113291804781\surefirebooter3826751328157805667.jar C:\Users\hussein.tejan\AppData\Local\Temp\surefire1090185113291804781 2019-04-17T13-36-56_030-jvmRun1 surefire21681438960604434tmp surefire_07462431148444113429tmp"/>
    <property name="surefire.test.class.path" value="C:\Users\hussein.tejan\Desktop\Beam\PoCTool-Apache-Beam\comparison-beam\target\test-classes;C:\Users\hussein.tejan\Desktop\Beam\PoCTool-Apache-Beam\comparison-beam\target\classes;C:\Users\hussein.tejan\.m2\repository\org\apache\beam\beam-sdks-java-core\2.11.0\beam-sdks-java-core-2.11.0.jar;C:\Users\hussein.tejan\.m2\repository\org\apache\beam\beam-model-pipeline\2.11.0\beam-model-pipeline-2.11.0.jar;C:\Users\hussein.tejan\.m2\repository\com\google\errorprone\error_prone_annotations\2.1.2\error_prone_annotations-2.1.2.jar;C:\Users\hussein.tejan\.m2\repository\org\apache\beam\beam-model-job-management\2.11.0\beam-model-job-management-2.11.0.jar;C:\Users\hussein.tejan\.m2\repository\org\apache\beam\beam-vendor-guava-20_0\0.1\beam-vendor-guava-20_0-0.1.jar;C:\Users\hussein.tejan\.m2\repository\com\fasterxml\jackson\core\jackson-core\2.9.8\jackson-core-2.9.8.jar;C:\Users\hussein.tejan\.m2\repository\com\fasterxml\jackson\core\jackson-annotations\2.9.8\jackson-annotations-2.9.8.jar;C:\Users\hussein.tejan\.m2\repository\com\fasterxml\jackson\core\jackson-databind\2.9.8\jackson-databind-2.9.8.jar;C:\Users\hussein.tejan\.m2\repository\org\apache\avro\avro\1.8.2\avro-1.8.2.jar;C:\Users\hussein.tejan\.m2\repository\org\codehaus\jackson\jackson-core-asl\1.9.13\jackson-core-asl-1.9.13.jar;C:\Users\hussein.tejan\.m2\repository\org\codehaus\jackson\jackson-mapper-asl\1.9.13\jackson-mapper-asl-1.9.13.jar;C:\Users\hussein.tejan\.m2\repository\com\thoughtworks\paranamer\paranamer\2.7\paranamer-2.7.jar;C:\Users\hussein.tejan\.m2\repository\org\apache\commons\commons-compress\1.8.1\commons-compress-1.8.1.jar;C:\Users\hussein.tejan\.m2\repository\org\xerial\snappy\snappy-java\1.1.4\snappy-java-1.1.4.jar;C:\Users\hussein.tejan\.m2\repository\com\github\luben\zstd-jni\1.3.8-3\zstd-jni-1.3.8-3.jar;C:\Users\hussein.tejan\.m2\repository\org\tukaani\xz\1.8\xz-1.8.jar;C:\Users\hussein.tejan\.m2\repository\org\apache\beam\beam-sdks-java-io-google-cloud-platform\2.11.0\beam-sdks-java-io-google-cloud-platform-2.11.0.jar;C:\Users\hussein.tejan\.m2\repository\org\apache\beam\beam-sdks-java-extensions-google-cloud-platform-core\2.11.0\beam-sdks-java-extensions-google-cloud-platform-core-2.11.0.jar;C:\Users\hussein.tejan\.m2\repository\com\google\cloud\bigdataoss\gcsio\1.9.16\gcsio-1.9.16.jar;C:\Users\hussein.tejan\.m2\repository\com\google\apis\google-api-services-cloudresourcemanager\v1-rev20181015-1.27.0\google-api-services-cloudresourcemanager-v1-rev20181015-1.27.0.jar;C:\Users\hussein.tejan\.m2\repository\com\google\apis\google-api-services-storage\v1-rev20181013-1.27.0\google-api-services-storage-v1-rev20181013-1.27.0.jar;C:\Users\hussein.tejan\.m2\repository\org\apache\beam\beam-sdks-java-extensions-protobuf\2.11.0\beam-sdks-java-extensions-protobuf-2.11.0.jar;C:\Users\hussein.tejan\.m2\repository\io\grpc\grpc-core\1.17.1\grpc-core-1.17.1.jar;C:\Users\hussein.tejan\.m2\repository\io\grpc\grpc-context\1.17.1\grpc-context-1.17.1.jar;C:\Users\hussein.tejan\.m2\repository\com\google\code\gson\gson\2.7\gson-2.7.jar;C:\Users\hussein.tejan\.m2\repository\org\codehaus\mojo\animal-sniffer-annotations\1.17\animal-sniffer-annotations-1.17.jar;C:\Users\hussein.tejan\.m2\repository\io\opencensus\opencensus-api\0.17.0\opencensus-api-0.17.0.jar;C:\Users\hussein.tejan\.m2\repository\io\opencensus\opencensus-contrib-grpc-metrics\0.17.0\opencensus-contrib-grpc-metrics-0.17.0.jar;C:\Users\hussein.tejan\.m2\repository\com\google\api\gax-grpc\1.38.0\gax-grpc-1.38.0.jar;C:\Users\hussein.tejan\.m2\repository\com\google\api\gax\1.38.0\gax-1.38.0.jar;C:\Users\hussein.tejan\.m2\repository\io\grpc\grpc-protobuf\1.17.1\grpc-protobuf-1.17.1.jar;C:\Users\hussein.tejan\.m2\repository\io\grpc\grpc-protobuf-lite\1.17.1\grpc-protobuf-lite-1.17.1.jar;C:\Users\hussein.tejan\.m2\repository\org\threeten\threetenbp\1.3.3\threetenbp-1.3.3.jar;C:\Users\hussein.tejan\.m2\repository\com\google\api\api-common\1.7.0\api-common-1.7.0.jar;C:\Users\hussein.tejan\.m2\repository\io\grpc\grpc-netty-shaded\1.17.1\grpc-netty-shaded-1.17.1.jar;C:\Users\hussein.tejan\.m2\repository\io\grpc\grpc-alts\1.17.1\grpc-alts-1.17.1.jar;C:\Users\hussein.tejan\.m2\repository\org\apache\commons\commons-lang3\3.5\commons-lang3-3.5.jar;C:\Users\hussein.tejan\.m2\repository\io\grpc\grpc-grpclb\1.17.1\grpc-grpclb-1.17.1.jar;C:\Users\hussein.tejan\.m2\repository\com\google\cloud\google-cloud-core-grpc\1.61.0\google-cloud-core-grpc-1.61.0.jar;C:\Users\hussein.tejan\.m2\repository\com\google\protobuf\protobuf-java-util\3.6.1\protobuf-java-util-3.6.1.jar;C:\Users\hussein.tejan\.m2\repository\javax\annotation\javax.annotation-api\1.2\javax.annotation-api-1.2.jar;C:\Users\hussein.tejan\.m2\repository\com\google\api\grpc\grpc-google-cloud-pubsub-v1\1.43.0\grpc-google-cloud-pubsub-v1-1.43.0.jar;C:\Users\hussein.tejan\.m2\repository\com\google\api\grpc\proto-google-cloud-pubsub-v1\1.43.0\proto-google-cloud-pubsub-v1-1.43.0.jar;C:\Users\hussein.tejan\.m2\repository\com\google\api\grpc\proto-google-iam-v1\0.12.0\proto-google-iam-v1-0.12.0.jar;C:\Users\hussein.tejan\.m2\repository\com\google\cloud\bigdataoss\util\1.9.16\util-1.9.16.jar;C:\Users\hussein.tejan\.m2\repository\com\google\api-client\google-api-client-java6\1.27.0\google-api-client-java6-1.27.0.jar;C:\Users\hussein.tejan\.m2\repository\com\google\api-client\google-api-client-jackson2\1.27.0\google-api-client-jackson2-1.27.0.jar;C:\Users\hussein.tejan\.m2\repository\com\google\auto\value\auto-value-annotations\1.6.3\auto-value-annotations-1.6.3.jar;C:\Users\hussein.tejan\.m2\repository\com\google\oauth-client\google-oauth-client-java6\1.27.0\google-oauth-client-java6-1.27.0.jar;C:\Users\hussein.tejan\.m2\repository\com\google\flogger\google-extensions\0.3.1\google-extensions-0.3.1.jar;C:\Users\hussein.tejan\.m2\repository\com\google\flogger\flogger\0.3.1\flogger-0.3.1.jar;C:\Users\hussein.tejan\.m2\repository\com\google\flogger\flogger-system-backend\0.3.1\flogger-system-backend-0.3.1.jar;C:\Users\hussein.tejan\.m2\repository\com\google\cloud\datastore\datastore-v1-proto-client\1.6.0\datastore-v1-proto-client-1.6.0.jar;C:\Users\hussein.tejan\.m2\repository\com\google\http-client\google-http-client-protobuf\1.20.0\google-http-client-protobuf-1.20.0.jar;C:\Users\hussein.tejan\.m2\repository\com\google\http-client\google-http-client-jackson\1.20.0\google-http-client-jackson-1.20.0.jar;C:\Users\hussein.tejan\.m2\repository\com\google\api\grpc\proto-google-cloud-datastore-v1\0.44.0\proto-google-cloud-datastore-v1-0.44.0.jar;C:\Users\hussein.tejan\.m2\repository\io\grpc\grpc-auth\1.17.1\grpc-auth-1.17.1.jar;C:\Users\hussein.tejan\.m2\repository\io\grpc\grpc-netty\1.17.1\grpc-netty-1.17.1.jar;C:\Users\hussein.tejan\.m2\repository\io\netty\netty-codec-http2\4.1.30.Final\netty-codec-http2-4.1.30.Final.jar;C:\Users\hussein.tejan\.m2\repository\io\netty\netty-codec-http\4.1.30.Final\netty-codec-http-4.1.30.Final.jar;C:\Users\hussein.tejan\.m2\repository\io\netty\netty-handler-proxy\4.1.30.Final\netty-handler-proxy-4.1.30.Final.jar;C:\Users\hussein.tejan\.m2\repository\io\netty\netty-codec-socks\4.1.30.Final\netty-codec-socks-4.1.30.Final.jar;C:\Users\hussein.tejan\.m2\repository\io\netty\netty-handler\4.1.30.Final\netty-handler-4.1.30.Final.jar;C:\Users\hussein.tejan\.m2\repository\io\netty\netty-buffer\4.1.30.Final\netty-buffer-4.1.30.Final.jar;C:\Users\hussein.tejan\.m2\repository\io\netty\netty-common\4.1.30.Final\netty-common-4.1.30.Final.jar;C:\Users\hussein.tejan\.m2\repository\io\netty\netty-transport\4.1.30.Final\netty-transport-4.1.30.Final.jar;C:\Users\hussein.tejan\.m2\repository\io\netty\netty-resolver\4.1.30.Final\netty-resolver-4.1.30.Final.jar;C:\Users\hussein.tejan\.m2\repository\io\netty\netty-codec\4.1.30.Final\netty-codec-4.1.30.Final.jar;C:\Users\hussein.tejan\.m2\repository\io\grpc\grpc-stub\1.17.1\grpc-stub-1.17.1.jar;C:\Users\hussein.tejan\.m2\repository\com\google\cloud\google-cloud-bigquerystorage\0.79.0-alpha\google-cloud-bigquerystorage-0.79.0-alpha.jar;C:\Users\hussein.tejan\.m2\repository\com\google\api\grpc\grpc-google-cloud-bigquerystorage-v1beta1\0.44.0\grpc-google-cloud-bigquerystorage-v1beta1-0.44.0.jar;C:\Users\hussein.tejan\.m2\repository\com\google\api\grpc\proto-google-cloud-bigquerystorage-v1beta1\0.44.0\proto-google-cloud-bigquerystorage-v1beta1-0.44.0.jar;C:\Users\hussein.tejan\.m2\repository\com\google\cloud\google-cloud-core\1.61.0\google-cloud-core-1.61.0.jar;C:\Users\hussein.tejan\.m2\repository\com\google\cloud\google-cloud-spanner\1.6.0\google-cloud-spanner-1.6.0.jar;C:\Users\hussein.tejan\.m2\repository\com\google\api\grpc\proto-google-cloud-spanner-v1\1.6.0\proto-google-cloud-spanner-v1-1.6.0.jar;C:\Users\hussein.tejan\.m2\repository\com\google\api\grpc\proto-google-cloud-spanner-admin-instance-v1\1.6.0\proto-google-cloud-spanner-admin-instance-v1-1.6.0.jar;C:\Users\hussein.tejan\.m2\repository\com\google\api\grpc\grpc-google-cloud-spanner-v1\1.6.0\grpc-google-cloud-spanner-v1-1.6.0.jar;C:\Users\hussein.tejan\.m2\repository\com\google\api\grpc\grpc-google-cloud-spanner-admin-database-v1\1.6.0\grpc-google-cloud-spanner-admin-database-v1-1.6.0.jar;C:\Users\hussein.tejan\.m2\repository\com\google\api\grpc\grpc-google-cloud-spanner-admin-instance-v1\1.6.0\grpc-google-cloud-spanner-admin-instance-v1-1.6.0.jar;C:\Users\hussein.tejan\.m2\repository\com\google\api\grpc\grpc-google-common-protos\1.12.0\grpc-google-common-protos-1.12.0.jar;C:\Users\hussein.tejan\.m2\repository\io\opencensus\opencensus-contrib-grpc-util\0.17.0\opencensus-contrib-grpc-util-0.17.0.jar;C:\Users\hussein.tejan\.m2\repository\com\google\api\grpc\grpc-google-cloud-bigtable-v2\0.44.0\grpc-google-cloud-bigtable-v2-0.44.0.jar;C:\Users\hussein.tejan\.m2\repository\com\google\api\grpc\proto-google-cloud-bigtable-v2\0.44.0\proto-google-cloud-bigtable-v2-0.44.0.jar;C:\Users\hussein.tejan\.m2\repository\com\google\cloud\bigtable\bigtable-client-core\1.8.0\bigtable-client-core-1.8.0.jar;C:\Users\hussein.tejan\.m2\repository\com\google\cloud\google-cloud-bigtable\0.73.0-alpha\google-cloud-bigtable-0.73.0-alpha.jar;C:\Users\hussein.tejan\.m2\repository\com\google\cloud\google-cloud-bigtable-admin\0.73.0-alpha\google-cloud-bigtable-admin-0.73.0-alpha.jar;C:\Users\hussein.tejan\.m2\repository\com\google\api\grpc\proto-google-cloud-bigtable-admin-v2\0.38.0\proto-google-cloud-bigtable-admin-v2-0.38.0.jar;C:\Users\hussein.tejan\.m2\repository\com\google\api\grpc\grpc-google-cloud-bigtable-admin-v2\0.38.0\grpc-google-cloud-bigtable-admin-v2-0.38.0.jar;C:\Users\hussein.tejan\.m2\repository\commons-logging\commons-logging\1.2\commons-logging-1.2.jar;C:\Users\hussein.tejan\.m2\repository\com\google\cloud\google-cloud-core-http\1.55.0\google-cloud-core-http-1.55.0.jar;C:\Users\hussein.tejan\.m2\repository\com\google\http-client\google-http-client-appengine\1.27.0\google-http-client-appengine-1.27.0.jar;C:\Users\hussein.tejan\.m2\repository\com\google\api\gax-httpjson\0.52.0\gax-httpjson-0.52.0.jar;C:\Users\hussein.tejan\.m2\repository\io\opencensus\opencensus-contrib-http-util\0.15.0\opencensus-contrib-http-util-0.15.0.jar;C:\Users\hussein.tejan\.m2\repository\io\dropwizard\metrics\metrics-core\3.1.2\metrics-core-3.1.2.jar;C:\Users\hussein.tejan\.m2\repository\com\google\http-client\google-http-client-jackson2\1.27.0\google-http-client-jackson2-1.27.0.jar;C:\Users\hussein.tejan\.m2\repository\com\google\auth\google-auth-library-credentials\0.12.0\google-auth-library-credentials-0.12.0.jar;C:\Users\hussein.tejan\.m2\repository\com\google\auth\google-auth-library-oauth2-http\0.12.0\google-auth-library-oauth2-http-0.12.0.jar;C:\Users\hussein.tejan\.m2\repository\com\google\protobuf\protobuf-java\3.6.0\protobuf-java-3.6.0.jar;C:\Users\hussein.tejan\.m2\repository\com\google\api\grpc\proto-google-cloud-spanner-admin-database-v1\1.6.0\proto-google-cloud-spanner-admin-database-v1-1.6.0.jar;C:\Users\hussein.tejan\.m2\repository\com\google\api\grpc\proto-google-common-protos\1.12.0\proto-google-common-protos-1.12.0.jar;C:\Users\hussein.tejan\.m2\repository\io\grpc\grpc-all\1.17.1\grpc-all-1.17.1.jar;C:\Users\hussein.tejan\.m2\repository\io\grpc\grpc-okhttp\1.17.1\grpc-okhttp-1.17.1.jar;C:\Users\hussein.tejan\.m2\repository\com\squareup\okhttp\okhttp\2.5.0\okhttp-2.5.0.jar;C:\Users\hussein.tejan\.m2\repository\com\squareup\okio\okio\1.13.0\okio-1.13.0.jar;C:\Users\hussein.tejan\.m2\repository\io\grpc\grpc-protobuf-nano\1.17.1\grpc-protobuf-nano-1.17.1.jar;C:\Users\hussein.tejan\.m2\repository\com\google\protobuf\nano\protobuf-javanano\3.0.0-alpha-5\protobuf-javanano-3.0.0-alpha-5.jar;C:\Users\hussein.tejan\.m2\repository\io\grpc\grpc-testing\1.17.1\grpc-testing-1.17.1.jar;C:\Users\hussein.tejan\.m2\repository\io\netty\netty-tcnative-boringssl-static\2.0.17.Final\netty-tcnative-boringssl-static-2.0.17.Final.jar;C:\Users\hussein.tejan\.m2\repository\com\google\api-client\google-api-client\1.27.0\google-api-client-1.27.0.jar;C:\Users\hussein.tejan\.m2\repository\com\google\oauth-client\google-oauth-client\1.27.0\google-oauth-client-1.27.0.jar;C:\Users\hussein.tejan\.m2\repository\com\google\apis\google-api-services-bigquery\v2-rev20181104-1.27.0\google-api-services-bigquery-v2-rev20181104-1.27.0.jar;C:\Users\hussein.tejan\.m2\repository\com\google\http-client\google-http-client\1.27.0\google-http-client-1.27.0.jar;C:\Users\hussein.tejan\.m2\repository\com\google\code\findbugs\jsr305\3.0.2\jsr305-3.0.2.jar;C:\Users\hussein.tejan\.m2\repository\org\apache\httpcomponents\httpclient\4.5.5\httpclient-4.5.5.jar;C:\Users\hussein.tejan\.m2\repository\org\apache\httpcomponents\httpcore\4.4.9\httpcore-4.4.9.jar;C:\Users\hussein.tejan\.m2\repository\commons-codec\commons-codec\1.10\commons-codec-1.10.jar;C:\Users\hussein.tejan\.m2\repository\com\google\j2objc\j2objc-annotations\1.1\j2objc-annotations-1.1.jar;C:\Users\hussein.tejan\.m2\repository\com\google\apis\google-api-services-pubsub\v1-rev20181105-1.27.0\google-api-services-pubsub-v1-rev20181105-1.27.0.jar;C:\Users\hussein.tejan\.m2\repository\joda-time\joda-time\2.4\joda-time-2.4.jar;C:\Users\hussein.tejan\.m2\repository\com\google\guava\guava\20.0\guava-20.0.jar;C:\Users\hussein.tejan\.m2\repository\org\slf4j\slf4j-api\1.7.25\slf4j-api-1.7.25.jar;C:\Users\hussein.tejan\.m2\repository\org\slf4j\slf4j-jdk14\1.7.25\slf4j-jdk14-1.7.25.jar;C:\Users\hussein.tejan\.m2\repository\org\hamcrest\hamcrest-core\1.3\hamcrest-core-1.3.jar;C:\Users\hussein.tejan\.m2\repository\org\hamcrest\hamcrest-library\1.3\hamcrest-library-1.3.jar;C:\Users\hussein.tejan\.m2\repository\junit\junit\4.13-beta-1\junit-4.13-beta-1.jar;C:\Users\hussein.tejan\.m2\repository\org\apache\beam\beam-runners-direct-java\2.11.0\beam-runners-direct-java-2.11.0.jar;C:\Users\hussein.tejan\.m2\repository\org\apache\beam\beam-vendor-grpc-1_13_1\0.2\beam-vendor-grpc-1_13_1-0.2.jar;C:\Users\hussein.tejan\.m2\repository\args4j\args4j\2.33\args4j-2.33.jar;C:\Users\hussein.tejan\.m2\repository\org\mockito\mockito-core\1.10.19\mockito-core-1.10.19.jar;C:\Users\hussein.tejan\.m2\repository\org\objenesis\objenesis\2.1\objenesis-2.1.jar;C:\Users\hussein.tejan\.m2\repository\org\apache\commons\commons-csv\1.6\commons-csv-1.6.jar;C:\Users\hussein.tejan\.m2\repository\org\apache\beam\beam-runners-reference-java\2.11.0\beam-runners-reference-java-2.11.0.jar;C:\Users\hussein.tejan\.m2\repository\org\apache\beam\beam-runners-core-construction-java\2.11.0\beam-runners-core-construction-java-2.11.0.jar;C:\Users\hussein.tejan\.m2\repository\org\apache\beam\beam-runners-java-fn-execution\2.11.0\beam-runners-java-fn-execution-2.11.0.jar;C:\Users\hussein.tejan\.m2\repository\org\apache\beam\beam-model-fn-execution\2.11.0\beam-model-fn-execution-2.11.0.jar;C:\Users\hussein.tejan\.m2\repository\org\apache\beam\beam-vendor-sdks-java-extensions-protobuf\2.11.0\beam-vendor-sdks-java-extensions-protobuf-2.11.0.jar;C:\Users\hussein.tejan\.m2\repository\org\apache\beam\beam-sdks-java-fn-execution\2.11.0\beam-sdks-java-fn-execution-2.11.0.jar;C:\Users\hussein.tejan\.m2\repository\org\apache\beam\beam-sdks-java-harness\2.11.0\beam-sdks-java-harness-2.11.0.jar;"/>
    <property name="sun.cpu.endian" value="little"/>
    <property name="user.home" value="C:\Users\hussein.tejan"/>
    <property name="user.language" value="en"/>
    <property name="java.specification.vendor" value="Oracle Corporation"/>
    <property name="java.home" value="C:\Program Files\AdoptOpenJDK\jdk-8.0.202.08\jre"/>
    <property name="ibm.signalhandling.rs" value="false"/>
    <property name="file.separator" value="\"/>
    <property name="jdk.extensions.name" value="Extensions for OpenJDK for Eclipse OpenJ9"/>
    <property name="basedir" value="C:\Users\hussein.tejan\Desktop\Beam\PoCTool-Apache-Beam\comparison-beam"/>
    <property name="line.separator" value="&#10;"/>
    <property name="java.vm.specification.vendor" value="Oracle Corporation"/>
    <property name="java.specification.name" value="Java Platform API Specification"/>
    <property name="java.compiler" value="j9jit29"/>
    <property name="com.ibm.util.extralibs.properties" value=""/>
    <property name="java.awt.graphicsenv" value="sun.awt.Win32GraphicsEnvironment"/>
    <property name="com.ibm.oti.configuration" value="scar"/>
    <property name="java.awt.fonts" value=""/>
    <property name="surefire.real.class.path" value="C:\Users\hussein.tejan\AppData\Local\Temp\surefire1090185113291804781\surefirebooter3826751328157805667.jar"/>
    <property name="com.ibm.oti.shared.enabled" value="false"/>
    <property name="sun.boot.class.path" value="C:\Program Files\AdoptOpenJDK\jdk-8.0.202.08\jre\bin\compressedrefs\jclSC180\vm.jar;C:\Program Files\AdoptOpenJDK\jdk-8.0.202.08\jre\lib\se-service.jar;C:\Program Files\AdoptOpenJDK\jdk-8.0.202.08\jre\lib\rt.jar;C:\Program Files\AdoptOpenJDK\jdk-8.0.202.08\jre\lib\resources.jar;C:\Program Files\AdoptOpenJDK\jdk-8.0.202.08\jre\lib\jsse.jar;C:\Program Files\AdoptOpenJDK\jdk-8.0.202.08\jre\lib\charsets.jar;C:\Program Files\AdoptOpenJDK\jdk-8.0.202.08\jre\lib\jce.jar"/>
    <property name="com.ibm.oti.vm.bootstrap.library.path" value="C:\Program Files\AdoptOpenJDK\jdk-8.0.202.08\jre\bin\compressedrefs;C:\Program Files\AdoptOpenJDK\jdk-8.0.202.08\jre\bin"/>
    <property name="com.ibm.cpu.endian" value="little"/>
    <property name="java.fullversion" value="1.8.0_202-b08&#10;JRE 1.8.0 Windows 10 amd64-64-Bit Compressed References 20190205_265 (JIT enabled, AOT enabled)&#10;OpenJ9   - 90dd8cb40&#10;OMR      - d2f4534b&#10;JCL      - d002501a90 based on jdk8u202-b08"/>
    <property name="java.runtime.version" value="1.8.0_202-b08"/>
    <property name="user.name" value="hussein.tejan"/>
    <property name="path.separator" value=";"/>
    <property name="os.version" value="10.0"/>
    <property name="java.endorsed.dirs" value="C:\Program Files\AdoptOpenJDK\jdk-8.0.202.08\jre\lib\endorsed"/>
    <property name="java.runtime.name" value="OpenJDK Runtime Environment"/>
    <property name="ibm.signalhandling.sigint" value="true"/>
    <property name="file.encoding" value="Cp1252"/>
    <property name="java.vm.name" value="Eclipse OpenJ9 VM"/>
    <property name="ibm.signalhandling.sigchain" value="true"/>
    <property name="localRepository" value="C:\Users\hussein.tejan\.m2\repository"/>
    <property name="java.io.tmpdir" value="C:\Users\hussein.tejan\AppData\Local\Temp\"/>
    <property name="java.version" value="1.8.0_202"/>
    <property name="com.ibm.system.agent.path" value="C:\Program Files\AdoptOpenJDK\jdk-8.0.202.08\jre\bin"/>
    <property name="user.dir" value="C:\Users\hussein.tejan\Desktop\Beam\PoCTool-Apache-Beam\comparison-beam"/>
    <property name="os.arch" value="amd64"/>
    <property name="java.vm.specification.name" value="Java Virtual Machine Specification"/>
    <property name="java.awt.printerjob" value="sun.awt.windows.WPrinterJob"/>
    <property name="os.encoding" value="UTF8"/>
    <property name="java.library.path" value="C:\Program Files\AdoptOpenJDK\jdk-8.0.202.08\jre\bin\compressedrefs;C:\Program Files\AdoptOpenJDK\jdk-8.0.202.08\jre\bin;C:\windows\system32;C:\windows;C:\Users\hussein.tejan\bin;C:\Program Files\Git\mingw64\bin;C:\Program Files\Git\usr\local\bin;C:\Program Files\Git\usr\bin;C:\Program Files\Git\usr\bin;C:\Program Files\Git\mingw64\bin;C:\Program Files\Git\usr\bin;C:\Users\hussein.tejan\bin;C:\Program Files\AdoptOpenJDK\jdk-8.0.202.08\bin;C:\Program Files\AdoptOpenJDK\jre-8.0.202.08\bin;C:\ProgramData\Oracle\Java\javapath;C:\windows\system32;C:\windows;C:\windows\System32\Wbem;C:\windows\System32\WindowsPowerShell\v1.0;C:\Program Files\Microsoft VS Code\bin;C:\Program Files\Git\cmd;C:\Go\bin;D:\ApacheMaven_3.5.2\bin;%JAVA_HOME%\bin;C:\Users\hussein.tejan\AppData\Local\Microsoft\WindowsApps;C:\Program Files\Git\usr\bin\vendor_perl;C:\Program Files\Git\usr\bin\core_perl;."/>
    <property name="java.vendor" value="Eclipse OpenJ9"/>
    <property name="java.vm.info" value="JRE 1.8.0 Windows 10 amd64-64-Bit Compressed References 20190205_265 (JIT enabled, AOT enabled)&#10;OpenJ9   - 90dd8cb40&#10;OMR      - d2f4534b&#10;JCL      - d002501a90 based on jdk8u202-b08"/>
    <property name="java.vm.version" value="openj9-0.12.1"/>
    <property name="com.ibm.jcl.checkClassPath" value=""/>
    <property name="ibm.system.encoding" value="Cp1252"/>
    <property name="sun.io.unicode.encoding" value="UnicodeLittle"/>
    <property name="java.ext.dirs" value="C:\Program Files\AdoptOpenJDK\jdk-8.0.202.08\jre\lib\ext"/>
    <property name="java.class.version" value="52.0"/>
  </properties>
  <testcase name="testMinimalWordCount" classname="org.apache.beam.examples.MinimalWordComparatorTest" time="4.174"/>
</testsuite>